[ 2018-11-06T11:20:04+08:00 ] 127.0.0.1 /zxx/wanxie/index.php/home/index/index
INFO: [ app_init ] --START--
INFO: Run Behavior\BuildLiteBehavior [ RunTime:0.000000s ]
INFO: [ app_init ] --END-- [ RunTime:0.010000s ]
INFO: [ app_begin ] --START--
INFO: Run Behavior\ReadHtmlCacheBehavior [ RunTime:0.000000s ]
INFO: [ app_begin ] --END-- [ RunTime:0.000000s ]
SQL: SHOW COLUMNS FROM `productview` [ RunTime:0.0000s ]
SQL: SELECT * FROM `productview` WHERE ( isshow=1 ) ORDER BY productid DESC LIMIT 4   [ RunTime:0.0100s ]
SQL: SELECT * FROM `productview` WHERE ( isshow=1 ) ORDER BY productcount DESC LIMIT 8   [ RunTime:0.0000s ]
INFO: [ view_parse ] --START--
INFO: [ template_filter ] --START--
INFO: Run Behavior\ContentReplaceBehavior [ RunTime:0.000000s ]
INFO: [ template_filter ] --END-- [ RunTime:0.000000s ]
INFO: Run Behavior\ParseTemplateBehavior [ RunTime:0.050000s ]
INFO: [ view_parse ] --END-- [ RunTime:0.050000s ]
INFO: [ view_filter ] --START--
INFO: Run Behavior\WriteHtmlCacheBehavior [ RunTime:0.000000s ]
INFO: [ view_filter ] --END-- [ RunTime:0.000000s ]
INFO: [ app_end ] --START--
INFO: Run Behavior\ShowPageTraceBehavior [ RunTime:0.000000s ]
INFO: [ app_end ] --END-- [ RunTime:0.000000s ]

[ 2018-11-06T11:20:06+08:00 ] 127.0.0.1 /zxx/wanxie/index.php/home/Index/fenlei?catename=%E7%94%B7%E9%9E%8B
INFO: [ app_init ] --START--
INFO: Run Behavior\BuildLiteBehavior [ RunTime:0.000000s ]
INFO: [ app_init ] --END-- [ RunTime:0.000000s ]
INFO: [ app_begin ] --START--
INFO: Run Behavior\ReadHtmlCacheBehavior [ RunTime:0.000000s ]
INFO: [ app_begin ] --END-- [ RunTime:0.000000s ]
SQL: SHOW COLUMNS FROM `productview` [ RunTime:0.0000s ]
SQL: SELECT * FROM `productview` WHERE ( catename='男鞋' )  [ RunTime:0.0000s ]
SQL: SELECT * FROM `productview` WHERE ( catename='男鞋' and isshow=1  ) ORDER BY productid ASC LIMIT 0,10   [ RunTime:0.0000s ]
SQL: SHOW COLUMNS FROM `brandinfo` [ RunTime:0.0100s ]
SQL: SELECT `brandname` FROM `brandinfo`  [ RunTime:0.0000s ]
SQL: SHOW COLUMNS FROM `typeinfo` [ RunTime:0.0000s ]
SQL: SHOW COLUMNS FROM `cate` [ RunTime:0.0100s ]
SQL: SELECT `id` FROM `cate` WHERE ( catename='男鞋' ) LIMIT 1   [ RunTime:0.0000s ]
SQL: SELECT `typename` FROM `typeinfo` WHERE ( cateid =13 )  [ RunTime:0.0000s ]
INFO: [ view_parse ] --START--
INFO: [ template_filter ] --START--
INFO: Run Behavior\ContentReplaceBehavior [ RunTime:0.000000s ]
INFO: [ template_filter ] --END-- [ RunTime:0.000000s ]
INFO: Run Behavior\ParseTemplateBehavior [ RunTime:0.030000s ]
INFO: [ view_parse ] --END-- [ RunTime:0.030000s ]
INFO: [ view_filter ] --START--
INFO: Run Behavior\WriteHtmlCacheBehavior [ RunTime:0.000000s ]
INFO: [ view_filter ] --END-- [ RunTime:0.000000s ]
INFO: [ app_end ] --START--
INFO: Run Behavior\ShowPageTraceBehavior [ RunTime:0.000000s ]
INFO: [ app_end ] --END-- [ RunTime:0.000000s ]

