[ 2018-11-02T09:21:58+08:00 ] 127.0.0.1 /zxx/wanxie/Application/Admin/Public/fonts/fontawesome-webfont.woff2?v=4.3.0
INFO: [ app_init ] --START--
INFO: Run Behavior\BuildLiteBehavior [ RunTime:0.000000s ]
INFO: [ app_init ] --END-- [ RunTime:0.001000s ]
ERR: 无法加载模块:Application

[ 2018-11-02T09:22:01+08:00 ] 127.0.0.1 /zxx/wanxie/Application/Admin/Public/fonts/fontawesome-webfont.woff2?v=4.3.0
INFO: [ app_init ] --START--
INFO: Run Behavior\BuildLiteBehavior [ RunTime:0.000000s ]
INFO: [ app_init ] --END-- [ RunTime:0.001000s ]
ERR: 无法加载模块:Application

[ 2018-11-02T09:22:05+08:00 ] 127.0.0.1 /zxx/wanxie/Application/Admin/Public/fonts/fontawesome-webfont.woff2?v=4.3.0
INFO: [ app_init ] --START--
INFO: Run Behavior\BuildLiteBehavior [ RunTime:0.000000s ]
INFO: [ app_init ] --END-- [ RunTime:0.001000s ]
ERR: 无法加载模块:Application

[ 2018-11-02T09:22:07+08:00 ] 127.0.0.1 /zxx/wanxie/Application/Admin/Public/fonts/fontawesome-webfont.woff2?v=4.3.0
INFO: [ app_init ] --START--
INFO: Run Behavior\BuildLiteBehavior [ RunTime:0.000000s ]
INFO: [ app_init ] --END-- [ RunTime:0.001000s ]
ERR: 无法加载模块:Application

[ 2018-11-02T09:22:11+08:00 ] 127.0.0.1 /zxx/wanxie/Application/Admin/Public/fonts/fontawesome-webfont.woff2?v=4.3.0
INFO: [ app_init ] --START--
INFO: Run Behavior\BuildLiteBehavior [ RunTime:0.000000s ]
INFO: [ app_init ] --END-- [ RunTime:0.000000s ]
ERR: 无法加载模块:Application

[ 2018-11-02T09:22:14+08:00 ] 127.0.0.1 /zxx/wanxie/Application/Admin/Public/fonts/fontawesome-webfont.woff2?v=4.3.0
INFO: [ app_init ] --START--
INFO: Run Behavior\BuildLiteBehavior [ RunTime:0.000000s ]
INFO: [ app_init ] --END-- [ RunTime:0.000000s ]
ERR: 无法加载模块:Application

[ 2018-11-02T09:23:14+08:00 ] 127.0.0.1 /zxx/wanxie/Application/Admin/Public/style/jquery.slimscroll.min.js.map
INFO: [ app_init ] --START--
INFO: Run Behavior\BuildLiteBehavior [ RunTime:0.000000s ]
INFO: [ app_init ] --END-- [ RunTime:0.000000s ]
ERR: 无法加载模块:Application

[ 2018-11-02T09:23:22+08:00 ] 127.0.0.1 /zxx/wanxie/Application/Admin/Public/fonts/fontawesome-webfont.woff2?v=4.3.0
INFO: [ app_init ] --START--
INFO: Run Behavior\BuildLiteBehavior [ RunTime:0.000000s ]
INFO: [ app_init ] --END-- [ RunTime:0.000000s ]
ERR: 无法加载模块:Application

[ 2018-11-02T09:23:24+08:00 ] 127.0.0.1 /zxx/wanxie/Application/Admin/Public/fonts/fontawesome-webfont.woff2?v=4.3.0
INFO: [ app_init ] --START--
INFO: Run Behavior\BuildLiteBehavior [ RunTime:0.000000s ]
INFO: [ app_init ] --END-- [ RunTime:0.001000s ]
ERR: 无法加载模块:Application

[ 2018-11-02T09:23:29+08:00 ] 127.0.0.1 /zxx/wanxie/Application/Admin/Public/fonts/fontawesome-webfont.woff2?v=4.3.0
INFO: [ app_init ] --START--
INFO: Run Behavior\BuildLiteBehavior [ RunTime:0.000000s ]
INFO: [ app_init ] --END-- [ RunTime:0.001000s ]
ERR: 无法加载模块:Application

[ 2018-11-02T09:25:13+08:00 ] 127.0.0.1 /zxx/wanxie/Application/Admin/Public/fonts/fontawesome-webfont.woff2?v=4.3.0
INFO: [ app_init ] --START--
INFO: Run Behavior\BuildLiteBehavior [ RunTime:0.000000s ]
INFO: [ app_init ] --END-- [ RunTime:0.000000s ]
ERR: 无法加载模块:Application

[ 2018-11-02T09:25:14+08:00 ] 127.0.0.1 /zxx/wanxie/Application/Admin/Public/fonts/fontawesome-webfont.woff2?v=4.3.0
INFO: [ app_init ] --START--
INFO: Run Behavior\BuildLiteBehavior [ RunTime:0.000000s ]
INFO: [ app_init ] --END-- [ RunTime:0.000000s ]
ERR: 无法加载模块:Application

[ 2018-11-02T10:46:22+08:00 ] 127.0.0.1 /zxx/wanxie/Application/Admin/Public/fonts/fontawesome-webfont.woff2?v=4.3.0
INFO: [ app_init ] --START--
INFO: Run Behavior\BuildLiteBehavior [ RunTime:0.000000s ]
INFO: [ app_init ] --END-- [ RunTime:0.000000s ]
ERR: 无法加载模块:Application

[ 2018-11-02T10:46:38+08:00 ] 127.0.0.1 /zxx/wanxie/Application/Admin/Public/fonts/fontawesome-webfont.woff2?v=4.3.0
INFO: [ app_init ] --START--
INFO: Run Behavior\BuildLiteBehavior [ RunTime:0.000000s ]
INFO: [ app_init ] --END-- [ RunTime:0.000000s ]
ERR: 无法加载模块:Application

[ 2018-11-02T10:46:38+08:00 ] 127.0.0.1 /zxx/wanxie/Application/Admin/Public/fonts/fontawesome-webfont.woff2?v=4.3.0
INFO: [ app_init ] --START--
INFO: Run Behavior\BuildLiteBehavior [ RunTime:0.000000s ]
INFO: [ app_init ] --END-- [ RunTime:0.001000s ]
ERR: 无法加载模块:Application

[ 2018-11-02T10:46:39+08:00 ] 127.0.0.1 /zxx/wanxie/Application/Admin/Public/fonts/fontawesome-webfont.woff2?v=4.3.0
INFO: [ app_init ] --START--
INFO: Run Behavior\BuildLiteBehavior [ RunTime:0.000000s ]
INFO: [ app_init ] --END-- [ RunTime:0.000000s ]
ERR: 无法加载模块:Application

[ 2018-11-02T10:48:08+08:00 ] 127.0.0.1 /zxx/wanxie/Application/Admin/Public/fonts/fontawesome-webfont.woff2?v=4.3.0
INFO: [ app_init ] --START--
INFO: Run Behavior\BuildLiteBehavior [ RunTime:0.000000s ]
INFO: [ app_init ] --END-- [ RunTime:0.001000s ]
ERR: 无法加载模块:Application

[ 2018-11-02T10:48:36+08:00 ] 127.0.0.1 /zxx/wanxie/Application/Admin/Public/fonts/fontawesome-webfont.woff2?v=4.3.0
INFO: [ app_init ] --START--
INFO: Run Behavior\BuildLiteBehavior [ RunTime:0.000000s ]
INFO: [ app_init ] --END-- [ RunTime:0.000000s ]
ERR: 无法加载模块:Application

[ 2018-11-02T10:48:58+08:00 ] 127.0.0.1 /zxx/wanxie/Application/Admin/Public/fonts/fontawesome-webfont.woff2?v=4.3.0
INFO: [ app_init ] --START--
INFO: Run Behavior\BuildLiteBehavior [ RunTime:0.000000s ]
INFO: [ app_init ] --END-- [ RunTime:0.001000s ]
ERR: 无法加载模块:Application

[ 2018-11-02T10:50:07+08:00 ] 127.0.0.1 /zxx/wanxie/Application/Admin/Public/fonts/fontawesome-webfont.woff2?v=4.3.0
INFO: [ app_init ] --START--
INFO: Run Behavior\BuildLiteBehavior [ RunTime:0.000000s ]
INFO: [ app_init ] --END-- [ RunTime:0.001000s ]
ERR: 无法加载模块:Application

[ 2018-11-02T10:50:28+08:00 ] 127.0.0.1 /zxx/wanxie/Application/Admin/Public/fonts/fontawesome-webfont.woff2?v=4.3.0
INFO: [ app_init ] --START--
INFO: Run Behavior\BuildLiteBehavior [ RunTime:0.000000s ]
INFO: [ app_init ] --END-- [ RunTime:0.001000s ]
ERR: 无法加载模块:Application

[ 2018-11-02T10:52:08+08:00 ] 127.0.0.1 /zxx/wanxie/Application/Admin/Public/fonts/fontawesome-webfont.woff2?v=4.3.0
INFO: [ app_init ] --START--
INFO: Run Behavior\BuildLiteBehavior [ RunTime:0.000000s ]
INFO: [ app_init ] --END-- [ RunTime:0.000000s ]
ERR: 无法加载模块:Application

[ 2018-11-02T10:55:32+08:00 ] 127.0.0.1 /zxx/wanxie/Application/Admin/Public/fonts/fontawesome-webfont.woff2?v=4.3.0
INFO: [ app_init ] --START--
INFO: Run Behavior\BuildLiteBehavior [ RunTime:0.000000s ]
INFO: [ app_init ] --END-- [ RunTime:0.000000s ]
ERR: 无法加载模块:Application

[ 2018-11-02T13:37:30+08:00 ] 127.0.0.1 /zxx/wanxie/Application/Admin/Public/fonts/fontawesome-webfont.woff2?v=4.3.0
INFO: [ app_init ] --START--
INFO: Run Behavior\BuildLiteBehavior [ RunTime:0.000000s ]
INFO: [ app_init ] --END-- [ RunTime:0.000000s ]
ERR: 无法加载模块:Application

[ 2018-11-02T13:37:35+08:00 ] 127.0.0.1 /zxx/wanxie/Application/Admin/Public/fonts/fontawesome-webfont.woff2?v=4.3.0
INFO: [ app_init ] --START--
INFO: Run Behavior\BuildLiteBehavior [ RunTime:0.000000s ]
INFO: [ app_init ] --END-- [ RunTime:0.000000s ]
ERR: 无法加载模块:Application

[ 2018-11-02T13:37:41+08:00 ] 127.0.0.1 /zxx/wanxie/Application/Admin/Public/fonts/fontawesome-webfont.woff2?v=4.3.0
INFO: [ app_init ] --START--
INFO: Run Behavior\BuildLiteBehavior [ RunTime:0.000000s ]
INFO: [ app_init ] --END-- [ RunTime:0.000000s ]
ERR: 无法加载模块:Application

[ 2018-11-02T13:38:04+08:00 ] 127.0.0.1 /zxx/wanxie/Application/Admin/Public/fonts/fontawesome-webfont.woff2?v=4.3.0
INFO: [ app_init ] --START--
INFO: Run Behavior\BuildLiteBehavior [ RunTime:0.000000s ]
INFO: [ app_init ] --END-- [ RunTime:0.001000s ]
ERR: 无法加载模块:Application

[ 2018-11-02T13:38:06+08:00 ] 127.0.0.1 /zxx/wanxie/Application/Admin/Public/fonts/fontawesome-webfont.woff2?v=4.3.0
INFO: [ app_init ] --START--
INFO: Run Behavior\BuildLiteBehavior [ RunTime:0.000000s ]
INFO: [ app_init ] --END-- [ RunTime:0.001000s ]
ERR: 无法加载模块:Application

[ 2018-11-02T13:38:07+08:00 ] 127.0.0.1 /zxx/wanxie/Application/Admin/Public/fonts/fontawesome-webfont.woff2?v=4.3.0
INFO: [ app_init ] --START--
INFO: Run Behavior\BuildLiteBehavior [ RunTime:0.000000s ]
INFO: [ app_init ] --END-- [ RunTime:0.001000s ]
ERR: 无法加载模块:Application

[ 2018-11-02T13:38:12+08:00 ] 127.0.0.1 /zxx/wanxie/Application/Admin/Public/fonts/fontawesome-webfont.woff2?v=4.3.0
INFO: [ app_init ] --START--
INFO: Run Behavior\BuildLiteBehavior [ RunTime:0.000000s ]
INFO: [ app_init ] --END-- [ RunTime:0.001000s ]
ERR: 无法加载模块:Application

[ 2018-11-02T13:43:44+08:00 ] 127.0.0.1 /zxx/wanxie/Application/Admin/Public/fonts/fontawesome-webfont.woff2?v=4.3.0
INFO: [ app_init ] --START--
INFO: Run Behavior\BuildLiteBehavior [ RunTime:0.000000s ]
INFO: [ app_init ] --END-- [ RunTime:0.000000s ]
ERR: 无法加载模块:Application

[ 2018-11-02T13:47:20+08:00 ] 127.0.0.1 /zxx/wanxie/Application/Admin/Public/fonts/fontawesome-webfont.woff2?v=4.3.0
INFO: [ app_init ] --START--
INFO: Run Behavior\BuildLiteBehavior [ RunTime:0.000000s ]
INFO: [ app_init ] --END-- [ RunTime:0.000000s ]
ERR: 无法加载模块:Application

[ 2018-11-02T13:47:21+08:00 ] 127.0.0.1 /zxx/wanxie/Application/Admin/Public/fonts/fontawesome-webfont.woff2?v=4.3.0
INFO: [ app_init ] --START--
INFO: Run Behavior\BuildLiteBehavior [ RunTime:0.000000s ]
INFO: [ app_init ] --END-- [ RunTime:0.000000s ]
ERR: 无法加载模块:Application

[ 2018-11-02T13:50:04+08:00 ] 127.0.0.1 /zxx/wanxie/Application/Admin/Public/fonts/fontawesome-webfont.woff2?v=4.3.0
INFO: [ app_init ] --START--
INFO: Run Behavior\BuildLiteBehavior [ RunTime:0.000000s ]
INFO: [ app_init ] --END-- [ RunTime:0.000000s ]
ERR: 无法加载模块:Application

[ 2018-11-02T13:50:58+08:00 ] 127.0.0.1 /zxx/wanxie/Application/Admin/Public/fonts/fontawesome-webfont.woff2?v=4.3.0
INFO: [ app_init ] --START--
INFO: Run Behavior\BuildLiteBehavior [ RunTime:0.000000s ]
INFO: [ app_init ] --END-- [ RunTime:0.001000s ]
ERR: 无法加载模块:Application

[ 2018-11-02T13:51:29+08:00 ] 127.0.0.1 /zxx/wanxie/Application/Admin/Public/fonts/fontawesome-webfont.woff2?v=4.3.0
INFO: [ app_init ] --START--
INFO: Run Behavior\BuildLiteBehavior [ RunTime:0.000000s ]
INFO: [ app_init ] --END-- [ RunTime:0.004000s ]
ERR: 无法加载模块:Application

[ 2018-11-02T13:52:03+08:00 ] 127.0.0.1 /zxx/wanxie/Application/Admin/Public/fonts/fontawesome-webfont.woff2?v=4.3.0
INFO: [ app_init ] --START--
INFO: Run Behavior\BuildLiteBehavior [ RunTime:0.000000s ]
INFO: [ app_init ] --END-- [ RunTime:0.000000s ]
ERR: 无法加载模块:Application

[ 2018-11-02T13:52:34+08:00 ] 127.0.0.1 /zxx/wanxie/Application/Admin/Public/fonts/fontawesome-webfont.woff2?v=4.3.0
INFO: [ app_init ] --START--
INFO: Run Behavior\BuildLiteBehavior [ RunTime:0.000000s ]
INFO: [ app_init ] --END-- [ RunTime:0.000000s ]
ERR: 无法加载模块:Application

[ 2018-11-02T13:52:57+08:00 ] 127.0.0.1 /zxx/wanxie/Application/Admin/Public/fonts/fontawesome-webfont.woff2?v=4.3.0
INFO: [ app_init ] --START--
INFO: Run Behavior\BuildLiteBehavior [ RunTime:0.000000s ]
INFO: [ app_init ] --END-- [ RunTime:0.000000s ]
ERR: 无法加载模块:Application

[ 2018-11-02T13:53:09+08:00 ] 127.0.0.1 /zxx/wanxie/Application/Admin/Public/fonts/fontawesome-webfont.woff2?v=4.3.0
INFO: [ app_init ] --START--
INFO: Run Behavior\BuildLiteBehavior [ RunTime:0.000000s ]
INFO: [ app_init ] --END-- [ RunTime:0.000000s ]
ERR: 无法加载模块:Application

[ 2018-11-02T13:53:40+08:00 ] 127.0.0.1 /zxx/wanxie/Application/Admin/Public/fonts/fontawesome-webfont.woff2?v=4.3.0
INFO: [ app_init ] --START--
INFO: Run Behavior\BuildLiteBehavior [ RunTime:0.000000s ]
INFO: [ app_init ] --END-- [ RunTime:0.000000s ]
ERR: 无法加载模块:Application

[ 2018-11-02T13:55:36+08:00 ] 127.0.0.1 /zxx/wanxie/Application/Admin/Public/fonts/fontawesome-webfont.woff2?v=4.3.0
INFO: [ app_init ] --START--
INFO: Run Behavior\BuildLiteBehavior [ RunTime:0.000000s ]
INFO: [ app_init ] --END-- [ RunTime:0.001000s ]
ERR: 无法加载模块:Application

[ 2018-11-02T13:55:47+08:00 ] 127.0.0.1 /zxx/wanxie/Application/Admin/Public/style/jquery.slimscroll.min.js.map
INFO: [ app_init ] --START--
INFO: Run Behavior\BuildLiteBehavior [ RunTime:0.000000s ]
INFO: [ app_init ] --END-- [ RunTime:0.001000s ]
ERR: 无法加载模块:Application

[ 2018-11-02T13:56:20+08:00 ] 127.0.0.1 /zxx/wanxie/Application/Admin/Public/fonts/fontawesome-webfont.woff2?v=4.3.0
INFO: [ app_init ] --START--
INFO: Run Behavior\BuildLiteBehavior [ RunTime:0.000000s ]
INFO: [ app_init ] --END-- [ RunTime:0.001000s ]
ERR: 无法加载模块:Application

[ 2018-11-02T13:56:21+08:00 ] 127.0.0.1 /zxx/wanxie/Application/Admin/Public/style/jquery.slimscroll.min.js.map
INFO: [ app_init ] --START--
INFO: Run Behavior\BuildLiteBehavior [ RunTime:0.000000s ]
INFO: [ app_init ] --END-- [ RunTime:0.001000s ]
ERR: 无法加载模块:Application

[ 2018-11-02T13:58:18+08:00 ] 127.0.0.1 /zxx/wanxie/Application/Admin/Public/fonts/fontawesome-webfont.woff2?v=4.3.0
INFO: [ app_init ] --START--
INFO: Run Behavior\BuildLiteBehavior [ RunTime:0.000000s ]
INFO: [ app_init ] --END-- [ RunTime:0.000000s ]
ERR: 无法加载模块:Application

[ 2018-11-02T13:58:18+08:00 ] 127.0.0.1 /zxx/wanxie/Application/Admin/Public/style/jquery.slimscroll.min.js.map
INFO: [ app_init ] --START--
INFO: Run Behavior\BuildLiteBehavior [ RunTime:0.000000s ]
INFO: [ app_init ] --END-- [ RunTime:0.003000s ]
ERR: 无法加载模块:Application

[ 2018-11-02T13:59:45+08:00 ] 127.0.0.1 /zxx/wanxie/Application/Admin/Public/fonts/fontawesome-webfont.woff2?v=4.3.0
INFO: [ app_init ] --START--
INFO: Run Behavior\BuildLiteBehavior [ RunTime:0.000000s ]
INFO: [ app_init ] --END-- [ RunTime:0.000000s ]
ERR: 无法加载模块:Application

[ 2018-11-02T14:01:19+08:00 ] 127.0.0.1 /zxx/wanxie/Application/Admin/Public/fonts/fontawesome-webfont.woff2?v=4.3.0
INFO: [ app_init ] --START--
INFO: Run Behavior\BuildLiteBehavior [ RunTime:0.000000s ]
INFO: [ app_init ] --END-- [ RunTime:0.002000s ]
ERR: 无法加载模块:Application

[ 2018-11-02T14:03:14+08:00 ] 127.0.0.1 /zxx/wanxie/Application/Admin/Public/fonts/fontawesome-webfont.woff2?v=4.3.0
INFO: [ app_init ] --START--
INFO: Run Behavior\BuildLiteBehavior [ RunTime:0.000000s ]
INFO: [ app_init ] --END-- [ RunTime:0.001001s ]
ERR: 无法加载模块:Application

[ 2018-11-02T14:03:37+08:00 ] 127.0.0.1 /zxx/wanxie/Application/Admin/Public/fonts/fontawesome-webfont.woff2?v=4.3.0
INFO: [ app_init ] --START--
INFO: Run Behavior\BuildLiteBehavior [ RunTime:0.000000s ]
INFO: [ app_init ] --END-- [ RunTime:0.001000s ]
ERR: 无法加载模块:Application

[ 2018-11-02T14:03:48+08:00 ] 127.0.0.1 /zxx/wanxie/Application/Admin/Public/fonts/fontawesome-webfont.woff2?v=4.3.0
INFO: [ app_init ] --START--
INFO: Run Behavior\BuildLiteBehavior [ RunTime:0.000000s ]
INFO: [ app_init ] --END-- [ RunTime:0.000000s ]
ERR: 无法加载模块:Application

[ 2018-11-02T14:03:48+08:00 ] 127.0.0.1 /zxx/wanxie/Application/Admin/Public/fonts/fontawesome-webfont.woff2?v=4.3.0
INFO: [ app_init ] --START--
INFO: Run Behavior\BuildLiteBehavior [ RunTime:0.000000s ]
INFO: [ app_init ] --END-- [ RunTime:0.001000s ]
ERR: 无法加载模块:Application

[ 2018-11-02T14:03:54+08:00 ] 127.0.0.1 /zxx/wanxie/Application/Admin/Public/fonts/fontawesome-webfont.woff2?v=4.3.0
INFO: [ app_init ] --START--
INFO: Run Behavior\BuildLiteBehavior [ RunTime:0.000000s ]
INFO: [ app_init ] --END-- [ RunTime:0.001000s ]
ERR: 无法加载模块:Application

[ 2018-11-02T14:05:56+08:00 ] 127.0.0.1 /zxx/wanxie/Application/Admin/Public/fonts/fontawesome-webfont.woff2?v=4.3.0
INFO: [ app_init ] --START--
INFO: Run Behavior\BuildLiteBehavior [ RunTime:0.000000s ]
INFO: [ app_init ] --END-- [ RunTime:0.001000s ]
ERR: 无法加载模块:Application

[ 2018-11-02T14:05:57+08:00 ] 127.0.0.1 /zxx/wanxie/Application/Admin/Public/fonts/fontawesome-webfont.woff2?v=4.3.0
INFO: [ app_init ] --START--
INFO: Run Behavior\BuildLiteBehavior [ RunTime:0.000000s ]
INFO: [ app_init ] --END-- [ RunTime:0.001000s ]
ERR: 无法加载模块:Application

[ 2018-11-02T14:06:03+08:00 ] 127.0.0.1 /zxx/wanxie/Application/Admin/Public/fonts/fontawesome-webfont.woff2?v=4.3.0
INFO: [ app_init ] --START--
INFO: Run Behavior\BuildLiteBehavior [ RunTime:0.000000s ]
INFO: [ app_init ] --END-- [ RunTime:0.000000s ]
ERR: 无法加载模块:Application

[ 2018-11-02T14:06:30+08:00 ] 127.0.0.1 /zxx/wanxie/Application/Admin/Public/fonts/fontawesome-webfont.woff2?v=4.3.0
INFO: [ app_init ] --START--
INFO: Run Behavior\BuildLiteBehavior [ RunTime:0.000000s ]
INFO: [ app_init ] --END-- [ RunTime:0.001000s ]
ERR: 无法加载模块:Application

[ 2018-11-02T14:06:36+08:00 ] 127.0.0.1 /zxx/wanxie/Application/Admin/Public/fonts/fontawesome-webfont.woff2?v=4.3.0
INFO: [ app_init ] --START--
INFO: Run Behavior\BuildLiteBehavior [ RunTime:0.000000s ]
INFO: [ app_init ] --END-- [ RunTime:0.001000s ]
ERR: 无法加载模块:Application

[ 2018-11-02T14:06:59+08:00 ] 127.0.0.1 /zxx/wanxie/Application/Admin/Public/fonts/fontawesome-webfont.woff2?v=4.3.0
INFO: [ app_init ] --START--
INFO: Run Behavior\BuildLiteBehavior [ RunTime:0.000000s ]
INFO: [ app_init ] --END-- [ RunTime:0.001000s ]
ERR: 无法加载模块:Application

[ 2018-11-02T14:07:00+08:00 ] 127.0.0.1 /zxx/wanxie/Application/Admin/Public/fonts/fontawesome-webfont.woff2?v=4.3.0
INFO: [ app_init ] --START--
INFO: Run Behavior\BuildLiteBehavior [ RunTime:0.000000s ]
INFO: [ app_init ] --END-- [ RunTime:0.000000s ]
ERR: 无法加载模块:Application

[ 2018-11-02T14:07:05+08:00 ] 127.0.0.1 /zxx/wanxie/Application/Admin/Public/fonts/fontawesome-webfont.woff2?v=4.3.0
INFO: [ app_init ] --START--
INFO: Run Behavior\BuildLiteBehavior [ RunTime:0.000000s ]
INFO: [ app_init ] --END-- [ RunTime:0.000000s ]
ERR: 无法加载模块:Application

[ 2018-11-02T14:07:30+08:00 ] 127.0.0.1 /zxx/wanxie/Application/Admin/Public/fonts/fontawesome-webfont.woff2?v=4.3.0
INFO: [ app_init ] --START--
INFO: Run Behavior\BuildLiteBehavior [ RunTime:0.000000s ]
INFO: [ app_init ] --END-- [ RunTime:0.001000s ]
ERR: 无法加载模块:Application

[ 2018-11-02T14:07:35+08:00 ] 127.0.0.1 /zxx/wanxie/Application/Admin/Public/fonts/fontawesome-webfont.woff2?v=4.3.0
INFO: [ app_init ] --START--
INFO: Run Behavior\BuildLiteBehavior [ RunTime:0.001001s ]
INFO: [ app_init ] --END-- [ RunTime:0.001001s ]
ERR: 无法加载模块:Application

[ 2018-11-02T14:09:23+08:00 ] 127.0.0.1 /zxx/wanxie/Application/Admin/Public/fonts/fontawesome-webfont.woff2?v=4.3.0
INFO: [ app_init ] --START--
INFO: Run Behavior\BuildLiteBehavior [ RunTime:0.000000s ]
INFO: [ app_init ] --END-- [ RunTime:0.001001s ]
ERR: 无法加载模块:Application

[ 2018-11-02T14:09:23+08:00 ] 127.0.0.1 /zxx/wanxie/Application/Admin/Public/fonts/fontawesome-webfont.woff2?v=4.3.0
INFO: [ app_init ] --START--
INFO: Run Behavior\BuildLiteBehavior [ RunTime:0.000000s ]
INFO: [ app_init ] --END-- [ RunTime:0.000000s ]
ERR: 无法加载模块:Application

[ 2018-11-02T14:09:35+08:00 ] 127.0.0.1 /zxx/wanxie/Application/Admin/Public/fonts/fontawesome-webfont.woff2?v=4.3.0
INFO: [ app_init ] --START--
INFO: Run Behavior\BuildLiteBehavior [ RunTime:0.000000s ]
INFO: [ app_init ] --END-- [ RunTime:0.001000s ]
ERR: 无法加载模块:Application

[ 2018-11-02T14:09:58+08:00 ] 127.0.0.1 /zxx/wanxie/Application/Admin/Public/fonts/fontawesome-webfont.woff2?v=4.3.0
INFO: [ app_init ] --START--
INFO: Run Behavior\BuildLiteBehavior [ RunTime:0.000000s ]
INFO: [ app_init ] --END-- [ RunTime:0.001000s ]
ERR: 无法加载模块:Application

[ 2018-11-02T14:10:02+08:00 ] 127.0.0.1 /zxx/wanxie/Application/Admin/Public/fonts/fontawesome-webfont.woff2?v=4.3.0
INFO: [ app_init ] --START--
INFO: Run Behavior\BuildLiteBehavior [ RunTime:0.000000s ]
INFO: [ app_init ] --END-- [ RunTime:0.000000s ]
ERR: 无法加载模块:Application

[ 2018-11-02T14:13:02+08:00 ] 127.0.0.1 /zxx/wanxie/Application/Admin/Public/fonts/fontawesome-webfont.woff2?v=4.3.0
INFO: [ app_init ] --START--
INFO: Run Behavior\BuildLiteBehavior [ RunTime:0.000000s ]
INFO: [ app_init ] --END-- [ RunTime:0.002000s ]
ERR: 无法加载模块:Application

[ 2018-11-02T14:13:38+08:00 ] 127.0.0.1 /zxx/wanxie/Application/Admin/Public/fonts/fontawesome-webfont.woff2?v=4.3.0
INFO: [ app_init ] --START--
INFO: Run Behavior\BuildLiteBehavior [ RunTime:0.000000s ]
INFO: [ app_init ] --END-- [ RunTime:0.000000s ]
ERR: 无法加载模块:Application

[ 2018-11-02T14:13:43+08:00 ] 127.0.0.1 /zxx/wanxie/Application/Admin/Public/fonts/fontawesome-webfont.woff2?v=4.3.0
INFO: [ app_init ] --START--
INFO: Run Behavior\BuildLiteBehavior [ RunTime:0.000000s ]
INFO: [ app_init ] --END-- [ RunTime:0.001000s ]
ERR: 无法加载模块:Application

[ 2018-11-02T14:15:20+08:00 ] 127.0.0.1 /zxx/wanxie/Application/Admin/Public/fonts/fontawesome-webfont.woff2?v=4.3.0
INFO: [ app_init ] --START--
INFO: Run Behavior\BuildLiteBehavior [ RunTime:0.000000s ]
INFO: [ app_init ] --END-- [ RunTime:0.001000s ]
ERR: 无法加载模块:Application

[ 2018-11-02T14:15:21+08:00 ] 127.0.0.1 /zxx/wanxie/Application/Admin/Public/fonts/fontawesome-webfont.woff2?v=4.3.0
INFO: [ app_init ] --START--
INFO: Run Behavior\BuildLiteBehavior [ RunTime:0.000000s ]
INFO: [ app_init ] --END-- [ RunTime:0.001000s ]
ERR: 无法加载模块:Application

[ 2018-11-02T14:15:21+08:00 ] 127.0.0.1 /zxx/wanxie/Application/Admin/Public/fonts/fontawesome-webfont.woff2?v=4.3.0
INFO: [ app_init ] --START--
INFO: Run Behavior\BuildLiteBehavior [ RunTime:0.000000s ]
INFO: [ app_init ] --END-- [ RunTime:0.001000s ]
ERR: 无法加载模块:Application

[ 2018-11-02T14:16:45+08:00 ] 127.0.0.1 /zxx/wanxie/Application/Admin/Public/fonts/fontawesome-webfont.woff2?v=4.3.0
INFO: [ app_init ] --START--
INFO: Run Behavior\BuildLiteBehavior [ RunTime:0.000000s ]
INFO: [ app_init ] --END-- [ RunTime:0.001000s ]
ERR: 无法加载模块:Application

[ 2018-11-02T14:16:55+08:00 ] 127.0.0.1 /zxx/wanxie/Application/Admin/Public/fonts/fontawesome-webfont.woff2?v=4.3.0
INFO: [ app_init ] --START--
INFO: Run Behavior\BuildLiteBehavior [ RunTime:0.000000s ]
INFO: [ app_init ] --END-- [ RunTime:0.000000s ]
ERR: 无法加载模块:Application

[ 2018-11-02T14:17:29+08:00 ] 127.0.0.1 /zxx/wanxie/Application/Admin/Public/fonts/fontawesome-webfont.woff2?v=4.3.0
INFO: [ app_init ] --START--
INFO: Run Behavior\BuildLiteBehavior [ RunTime:0.000000s ]
INFO: [ app_init ] --END-- [ RunTime:0.001000s ]
ERR: 无法加载模块:Application

[ 2018-11-02T14:17:33+08:00 ] 127.0.0.1 /zxx/wanxie/Application/Admin/Public/fonts/fontawesome-webfont.woff2?v=4.3.0
INFO: [ app_init ] --START--
INFO: Run Behavior\BuildLiteBehavior [ RunTime:0.000000s ]
INFO: [ app_init ] --END-- [ RunTime:0.000000s ]
ERR: 无法加载模块:Application

[ 2018-11-02T14:17:35+08:00 ] 127.0.0.1 /zxx/wanxie/Application/Admin/Public/fonts/fontawesome-webfont.woff2?v=4.3.0
INFO: [ app_init ] --START--
INFO: Run Behavior\BuildLiteBehavior [ RunTime:0.000000s ]
INFO: [ app_init ] --END-- [ RunTime:0.000000s ]
ERR: 无法加载模块:Application

[ 2018-11-02T14:18:09+08:00 ] 127.0.0.1 /zxx/wanxie/Application/Admin/Public/fonts/fontawesome-webfont.woff2?v=4.3.0
INFO: [ app_init ] --START--
INFO: Run Behavior\BuildLiteBehavior [ RunTime:0.000000s ]
INFO: [ app_init ] --END-- [ RunTime:0.000000s ]
ERR: 无法加载模块:Application

[ 2018-11-02T14:18:35+08:00 ] 127.0.0.1 /zxx/wanxie/Application/Admin/Public/fonts/fontawesome-webfont.woff2?v=4.3.0
INFO: [ app_init ] --START--
INFO: Run Behavior\BuildLiteBehavior [ RunTime:0.000000s ]
INFO: [ app_init ] --END-- [ RunTime:0.001000s ]
ERR: 无法加载模块:Application

[ 2018-11-02T14:18:36+08:00 ] 127.0.0.1 /zxx/wanxie/Application/Admin/Public/fonts/fontawesome-webfont.woff2?v=4.3.0
INFO: [ app_init ] --START--
INFO: Run Behavior\BuildLiteBehavior [ RunTime:0.000000s ]
INFO: [ app_init ] --END-- [ RunTime:0.000000s ]
ERR: 无法加载模块:Application

[ 2018-11-02T14:19:23+08:00 ] 127.0.0.1 /zxx/wanxie/Application/Admin/Public/fonts/fontawesome-webfont.woff2?v=4.3.0
INFO: [ app_init ] --START--
INFO: Run Behavior\BuildLiteBehavior [ RunTime:0.000000s ]
INFO: [ app_init ] --END-- [ RunTime:0.000000s ]
ERR: 无法加载模块:Application

[ 2018-11-02T14:21:22+08:00 ] 127.0.0.1 /zxx/wanxie/Application/Admin/Public/fonts/fontawesome-webfont.woff2?v=4.3.0
INFO: [ app_init ] --START--
INFO: Run Behavior\BuildLiteBehavior [ RunTime:0.000000s ]
INFO: [ app_init ] --END-- [ RunTime:0.001000s ]
ERR: 无法加载模块:Application

[ 2018-11-02T14:21:35+08:00 ] 127.0.0.1 /zxx/wanxie/Application/Admin/Public/fonts/fontawesome-webfont.woff2?v=4.3.0
INFO: [ app_init ] --START--
INFO: Run Behavior\BuildLiteBehavior [ RunTime:0.000000s ]
INFO: [ app_init ] --END-- [ RunTime:0.001000s ]
ERR: 无法加载模块:Application

[ 2018-11-02T14:22:20+08:00 ] 127.0.0.1 /zxx/wanxie/Application/Admin/Public/fonts/fontawesome-webfont.woff2?v=4.3.0
INFO: [ app_init ] --START--
INFO: Run Behavior\BuildLiteBehavior [ RunTime:0.000000s ]
INFO: [ app_init ] --END-- [ RunTime:0.000000s ]
ERR: 无法加载模块:Application

[ 2018-11-02T14:23:27+08:00 ] 127.0.0.1 /zxx/wanxie/Application/Admin/Public/fonts/fontawesome-webfont.woff2?v=4.3.0
INFO: [ app_init ] --START--
INFO: Run Behavior\BuildLiteBehavior [ RunTime:0.000000s ]
INFO: [ app_init ] --END-- [ RunTime:0.001000s ]
ERR: 无法加载模块:Application

[ 2018-11-02T14:23:39+08:00 ] 127.0.0.1 /zxx/wanxie/Application/Admin/Public/fonts/fontawesome-webfont.woff2?v=4.3.0
INFO: [ app_init ] --START--
INFO: Run Behavior\BuildLiteBehavior [ RunTime:0.000000s ]
INFO: [ app_init ] --END-- [ RunTime:0.001000s ]
ERR: 无法加载模块:Application

[ 2018-11-02T14:26:02+08:00 ] 127.0.0.1 /zxx/wanxie/Application/Admin/Public/fonts/fontawesome-webfont.woff2?v=4.3.0
INFO: [ app_init ] --START--
INFO: Run Behavior\BuildLiteBehavior [ RunTime:0.000000s ]
INFO: [ app_init ] --END-- [ RunTime:0.001000s ]
ERR: 无法加载模块:Application

[ 2018-11-02T14:26:45+08:00 ] 127.0.0.1 /zxx/wanxie/Application/Admin/Public/fonts/fontawesome-webfont.woff2?v=4.3.0
INFO: [ app_init ] --START--
INFO: Run Behavior\BuildLiteBehavior [ RunTime:0.000000s ]
INFO: [ app_init ] --END-- [ RunTime:0.001000s ]
ERR: 无法加载模块:Application

[ 2018-11-02T14:32:43+08:00 ] 127.0.0.1 /zxx/wanxie/Application/Admin/Public/fonts/fontawesome-webfont.woff2?v=4.3.0
INFO: [ app_init ] --START--
INFO: Run Behavior\BuildLiteBehavior [ RunTime:0.000000s ]
INFO: [ app_init ] --END-- [ RunTime:0.001000s ]
ERR: 无法加载模块:Application

[ 2018-11-02T14:33:01+08:00 ] 127.0.0.1 /zxx/wanxie/Application/Admin/Public/fonts/fontawesome-webfont.woff2?v=4.3.0
INFO: [ app_init ] --START--
INFO: Run Behavior\BuildLiteBehavior [ RunTime:0.000000s ]
INFO: [ app_init ] --END-- [ RunTime:0.001000s ]
ERR: 无法加载模块:Application

[ 2018-11-02T14:33:02+08:00 ] 127.0.0.1 /zxx/wanxie/Application/Admin/Public/style/jquery.slimscroll.min.js.map
INFO: [ app_init ] --START--
INFO: Run Behavior\BuildLiteBehavior [ RunTime:0.000000s ]
INFO: [ app_init ] --END-- [ RunTime:0.001000s ]
ERR: 无法加载模块:Application

[ 2018-11-02T14:33:38+08:00 ] 127.0.0.1 /zxx/wanxie/Application/Admin/Public/fonts/fontawesome-webfont.woff2?v=4.3.0
INFO: [ app_init ] --START--
INFO: Run Behavior\BuildLiteBehavior [ RunTime:0.000000s ]
INFO: [ app_init ] --END-- [ RunTime:0.001000s ]
ERR: 无法加载模块:Application

[ 2018-11-02T14:33:38+08:00 ] 127.0.0.1 /zxx/wanxie/Application/Admin/Public/style/jquery.slimscroll.min.js.map
INFO: [ app_init ] --START--
INFO: Run Behavior\BuildLiteBehavior [ RunTime:0.000000s ]
INFO: [ app_init ] --END-- [ RunTime:0.001000s ]
ERR: 无法加载模块:Application

[ 2018-11-02T14:34:58+08:00 ] 127.0.0.1 /zxx/wanxie/Application/Admin/Public/fonts/fontawesome-webfont.woff2?v=4.3.0
INFO: [ app_init ] --START--
INFO: Run Behavior\BuildLiteBehavior [ RunTime:0.000000s ]
INFO: [ app_init ] --END-- [ RunTime:0.002001s ]
ERR: 无法加载模块:Application

[ 2018-11-02T14:36:16+08:00 ] 127.0.0.1 /zxx/wanxie/Application/Admin/Public/fonts/fontawesome-webfont.woff2?v=4.3.0
INFO: [ app_init ] --START--
INFO: Run Behavior\BuildLiteBehavior [ RunTime:0.000000s ]
INFO: [ app_init ] --END-- [ RunTime:0.001000s ]
ERR: 无法加载模块:Application

[ 2018-11-02T14:37:04+08:00 ] 127.0.0.1 /zxx/wanxie/Application/Admin/Public/fonts/fontawesome-webfont.woff2?v=4.3.0
INFO: [ app_init ] --START--
INFO: Run Behavior\BuildLiteBehavior [ RunTime:0.000000s ]
INFO: [ app_init ] --END-- [ RunTime:0.000000s ]
ERR: 无法加载模块:Application

[ 2018-11-02T14:37:22+08:00 ] 127.0.0.1 /zxx/wanxie/Application/Admin/Public/fonts/fontawesome-webfont.woff2?v=4.3.0
INFO: [ app_init ] --START--
INFO: Run Behavior\BuildLiteBehavior [ RunTime:0.000000s ]
INFO: [ app_init ] --END-- [ RunTime:0.001001s ]
ERR: 无法加载模块:Application

[ 2018-11-02T14:37:43+08:00 ] 127.0.0.1 /zxx/wanxie/Application/Admin/Public/fonts/fontawesome-webfont.woff2?v=4.3.0
INFO: [ app_init ] --START--
INFO: Run Behavior\BuildLiteBehavior [ RunTime:0.000000s ]
INFO: [ app_init ] --END-- [ RunTime:0.001000s ]
ERR: 无法加载模块:Application

[ 2018-11-02T14:37:45+08:00 ] 127.0.0.1 /zxx/wanxie/Application/Admin/Public/fonts/fontawesome-webfont.woff2?v=4.3.0
INFO: [ app_init ] --START--
INFO: Run Behavior\BuildLiteBehavior [ RunTime:0.000000s ]
INFO: [ app_init ] --END-- [ RunTime:0.001000s ]
ERR: 无法加载模块:Application

[ 2018-11-02T14:38:34+08:00 ] 127.0.0.1 /zxx/wanxie/Application/Admin/Public/fonts/fontawesome-webfont.woff2?v=4.3.0
INFO: [ app_init ] --START--
INFO: Run Behavior\BuildLiteBehavior [ RunTime:0.000000s ]
INFO: [ app_init ] --END-- [ RunTime:0.000000s ]
ERR: 无法加载模块:Application

[ 2018-11-02T14:38:35+08:00 ] 127.0.0.1 /zxx/wanxie/Application/Admin/Public/fonts/fontawesome-webfont.woff2?v=4.3.0
INFO: [ app_init ] --START--
INFO: Run Behavior\BuildLiteBehavior [ RunTime:0.000000s ]
INFO: [ app_init ] --END-- [ RunTime:0.001000s ]
ERR: 无法加载模块:Application

[ 2018-11-02T14:38:56+08:00 ] 127.0.0.1 /zxx/wanxie/Application/Admin/Public/fonts/fontawesome-webfont.woff2?v=4.3.0
INFO: [ app_init ] --START--
INFO: Run Behavior\BuildLiteBehavior [ RunTime:0.000000s ]
INFO: [ app_init ] --END-- [ RunTime:0.001000s ]
ERR: 无法加载模块:Application

[ 2018-11-02T14:39:12+08:00 ] 127.0.0.1 /zxx/wanxie/Application/Admin/Public/fonts/fontawesome-webfont.woff2?v=4.3.0
INFO: [ app_init ] --START--
INFO: Run Behavior\BuildLiteBehavior [ RunTime:0.000000s ]
INFO: [ app_init ] --END-- [ RunTime:0.001000s ]
ERR: 无法加载模块:Application

[ 2018-11-02T14:39:32+08:00 ] 127.0.0.1 /zxx/wanxie/Application/Admin/Public/fonts/fontawesome-webfont.woff2?v=4.3.0
INFO: [ app_init ] --START--
INFO: Run Behavior\BuildLiteBehavior [ RunTime:0.000000s ]
INFO: [ app_init ] --END-- [ RunTime:0.000000s ]
ERR: 无法加载模块:Application

[ 2018-11-02T14:40:06+08:00 ] 127.0.0.1 /zxx/wanxie/Application/Admin/Public/fonts/fontawesome-webfont.woff2?v=4.3.0
INFO: [ app_init ] --START--
INFO: Run Behavior\BuildLiteBehavior [ RunTime:0.000000s ]
INFO: [ app_init ] --END-- [ RunTime:0.000000s ]
ERR: 无法加载模块:Application

[ 2018-11-02T14:40:07+08:00 ] 127.0.0.1 /zxx/wanxie/Application/Admin/Public/fonts/fontawesome-webfont.woff2?v=4.3.0
INFO: [ app_init ] --START--
INFO: Run Behavior\BuildLiteBehavior [ RunTime:0.000000s ]
INFO: [ app_init ] --END-- [ RunTime:0.000000s ]
ERR: 无法加载模块:Application

[ 2018-11-02T14:41:36+08:00 ] 127.0.0.1 /zxx/wanxie/Application/Admin/Public/fonts/fontawesome-webfont.woff2?v=4.3.0
INFO: [ app_init ] --START--
INFO: Run Behavior\BuildLiteBehavior [ RunTime:0.000000s ]
INFO: [ app_init ] --END-- [ RunTime:0.000000s ]
ERR: 无法加载模块:Application

[ 2018-11-02T14:41:46+08:00 ] 127.0.0.1 /zxx/wanxie/Application/Admin/Public/fonts/fontawesome-webfont.woff2?v=4.3.0
INFO: [ app_init ] --START--
INFO: Run Behavior\BuildLiteBehavior [ RunTime:0.000000s ]
INFO: [ app_init ] --END-- [ RunTime:0.000000s ]
ERR: 无法加载模块:Application

[ 2018-11-02T14:41:46+08:00 ] 127.0.0.1 /zxx/wanxie/Application/Admin/Public/fonts/fontawesome-webfont.woff2?v=4.3.0
INFO: [ app_init ] --START--
INFO: Run Behavior\BuildLiteBehavior [ RunTime:0.000000s ]
INFO: [ app_init ] --END-- [ RunTime:0.000000s ]
ERR: 无法加载模块:Application

[ 2018-11-02T14:42:10+08:00 ] 127.0.0.1 /zxx/wanxie/Application/Admin/Public/fonts/fontawesome-webfont.woff2?v=4.3.0
INFO: [ app_init ] --START--
INFO: Run Behavior\BuildLiteBehavior [ RunTime:0.000000s ]
INFO: [ app_init ] --END-- [ RunTime:0.000000s ]
ERR: 无法加载模块:Application

[ 2018-11-02T14:43:19+08:00 ] 127.0.0.1 /zxx/wanxie/Application/Admin/Public/fonts/fontawesome-webfont.woff2?v=4.3.0
INFO: [ app_init ] --START--
INFO: Run Behavior\BuildLiteBehavior [ RunTime:0.000000s ]
INFO: [ app_init ] --END-- [ RunTime:0.000000s ]
ERR: 无法加载模块:Application

[ 2018-11-02T14:43:19+08:00 ] 127.0.0.1 /zxx/wanxie/Application/Admin/Public/fonts/fontawesome-webfont.woff2?v=4.3.0
INFO: [ app_init ] --START--
INFO: Run Behavior\BuildLiteBehavior [ RunTime:0.000000s ]
INFO: [ app_init ] --END-- [ RunTime:0.000000s ]
ERR: 无法加载模块:Application

[ 2018-11-02T14:43:31+08:00 ] 127.0.0.1 /zxx/wanxie/Application/Admin/Public/fonts/fontawesome-webfont.woff2?v=4.3.0
INFO: [ app_init ] --START--
INFO: Run Behavior\BuildLiteBehavior [ RunTime:0.000000s ]
INFO: [ app_init ] --END-- [ RunTime:0.001000s ]
ERR: 无法加载模块:Application

[ 2018-11-02T14:43:31+08:00 ] 127.0.0.1 /zxx/wanxie/Application/Admin/Public/fonts/fontawesome-webfont.woff2?v=4.3.0
INFO: [ app_init ] --START--
INFO: Run Behavior\BuildLiteBehavior [ RunTime:0.000000s ]
INFO: [ app_init ] --END-- [ RunTime:0.001000s ]
ERR: 无法加载模块:Application

[ 2018-11-02T14:43:41+08:00 ] 127.0.0.1 /zxx/wanxie/Application/Admin/Public/fonts/fontawesome-webfont.woff2?v=4.3.0
INFO: [ app_init ] --START--
INFO: Run Behavior\BuildLiteBehavior [ RunTime:0.000000s ]
INFO: [ app_init ] --END-- [ RunTime:0.000000s ]
ERR: 无法加载模块:Application

[ 2018-11-02T14:43:42+08:00 ] 127.0.0.1 /zxx/wanxie/Application/Admin/Public/fonts/fontawesome-webfont.woff2?v=4.3.0
INFO: [ app_init ] --START--
INFO: Run Behavior\BuildLiteBehavior [ RunTime:0.000000s ]
INFO: [ app_init ] --END-- [ RunTime:0.001000s ]
ERR: 无法加载模块:Application

[ 2018-11-02T14:43:48+08:00 ] 127.0.0.1 /zxx/wanxie/Application/Admin/Public/fonts/fontawesome-webfont.woff2?v=4.3.0
INFO: [ app_init ] --START--
INFO: Run Behavior\BuildLiteBehavior [ RunTime:0.000000s ]
INFO: [ app_init ] --END-- [ RunTime:0.000000s ]
ERR: 无法加载模块:Application

[ 2018-11-02T14:46:19+08:00 ] 127.0.0.1 /zxx/wanxie/Application/Admin/Public/fonts/fontawesome-webfont.woff2?v=4.3.0
INFO: [ app_init ] --START--
INFO: Run Behavior\BuildLiteBehavior [ RunTime:0.000000s ]
INFO: [ app_init ] --END-- [ RunTime:0.002000s ]
ERR: 无法加载模块:Application

[ 2018-11-02T14:46:26+08:00 ] 127.0.0.1 /zxx/wanxie/Application/Admin/Public/fonts/fontawesome-webfont.woff2?v=4.3.0
INFO: [ app_init ] --START--
INFO: Run Behavior\BuildLiteBehavior [ RunTime:0.000000s ]
INFO: [ app_init ] --END-- [ RunTime:0.001000s ]
ERR: 无法加载模块:Application

[ 2018-11-02T14:46:33+08:00 ] 127.0.0.1 /zxx/wanxie/Application/Admin/Public/fonts/fontawesome-webfont.woff2?v=4.3.0
INFO: [ app_init ] --START--
INFO: Run Behavior\BuildLiteBehavior [ RunTime:0.000000s ]
INFO: [ app_init ] --END-- [ RunTime:0.001000s ]
ERR: 无法加载模块:Application

[ 2018-11-02T14:47:09+08:00 ] 127.0.0.1 /zxx/wanxie/Application/Admin/Public/fonts/fontawesome-webfont.woff2?v=4.3.0
INFO: [ app_init ] --START--
INFO: Run Behavior\BuildLiteBehavior [ RunTime:0.000000s ]
INFO: [ app_init ] --END-- [ RunTime:0.000000s ]
ERR: 无法加载模块:Application

[ 2018-11-02T14:47:17+08:00 ] 127.0.0.1 /zxx/wanxie/Application/Admin/Public/fonts/fontawesome-webfont.woff2?v=4.3.0
INFO: [ app_init ] --START--
INFO: Run Behavior\BuildLiteBehavior [ RunTime:0.000000s ]
INFO: [ app_init ] --END-- [ RunTime:0.001000s ]
ERR: 无法加载模块:Application

[ 2018-11-02T14:47:28+08:00 ] 127.0.0.1 /zxx/wanxie/Application/Admin/Public/fonts/fontawesome-webfont.woff2?v=4.3.0
INFO: [ app_init ] --START--
INFO: Run Behavior\BuildLiteBehavior [ RunTime:0.000000s ]
INFO: [ app_init ] --END-- [ RunTime:0.000000s ]
ERR: 无法加载模块:Application

[ 2018-11-02T14:48:10+08:00 ] 127.0.0.1 /zxx/wanxie/Application/Admin/Public/fonts/fontawesome-webfont.woff2?v=4.3.0
INFO: [ app_init ] --START--
INFO: Run Behavior\BuildLiteBehavior [ RunTime:0.000000s ]
INFO: [ app_init ] --END-- [ RunTime:0.001000s ]
ERR: 无法加载模块:Application

[ 2018-11-02T14:48:36+08:00 ] 127.0.0.1 /zxx/wanxie/Application/Admin/Public/fonts/fontawesome-webfont.woff2?v=4.3.0
INFO: [ app_init ] --START--
INFO: Run Behavior\BuildLiteBehavior [ RunTime:0.000000s ]
INFO: [ app_init ] --END-- [ RunTime:0.000000s ]
ERR: 无法加载模块:Application

[ 2018-11-02T14:50:20+08:00 ] 127.0.0.1 /zxx/wanxie/Application/Admin/Public/fonts/fontawesome-webfont.woff2?v=4.3.0
INFO: [ app_init ] --START--
INFO: Run Behavior\BuildLiteBehavior [ RunTime:0.000000s ]
INFO: [ app_init ] --END-- [ RunTime:0.000000s ]
ERR: 无法加载模块:Application

[ 2018-11-02T14:50:21+08:00 ] 127.0.0.1 /zxx/wanxie/Application/Admin/Public/fonts/fontawesome-webfont.woff2?v=4.3.0
INFO: [ app_init ] --START--
INFO: Run Behavior\BuildLiteBehavior [ RunTime:0.000000s ]
INFO: [ app_init ] --END-- [ RunTime:0.000000s ]
ERR: 无法加载模块:Application

[ 2018-11-02T14:50:22+08:00 ] 127.0.0.1 /zxx/wanxie/Application/Admin/Public/fonts/fontawesome-webfont.woff2?v=4.3.0
INFO: [ app_init ] --START--
INFO: Run Behavior\BuildLiteBehavior [ RunTime:0.000000s ]
INFO: [ app_init ] --END-- [ RunTime:0.000000s ]
ERR: 无法加载模块:Application

[ 2018-11-02T14:54:02+08:00 ] 127.0.0.1 /zxx/wanxie/Application/Admin/Public/fonts/fontawesome-webfont.woff2?v=4.3.0
INFO: [ app_init ] --START--
INFO: Run Behavior\BuildLiteBehavior [ RunTime:0.000000s ]
INFO: [ app_init ] --END-- [ RunTime:0.000000s ]
ERR: 无法加载模块:Application

[ 2018-11-02T14:54:07+08:00 ] 127.0.0.1 /zxx/wanxie/Application/Admin/Public/fonts/fontawesome-webfont.woff2?v=4.3.0
INFO: [ app_init ] --START--
INFO: Run Behavior\BuildLiteBehavior [ RunTime:0.000000s ]
INFO: [ app_init ] --END-- [ RunTime:0.001000s ]
ERR: 无法加载模块:Application

[ 2018-11-02T14:54:41+08:00 ] 127.0.0.1 /zxx/wanxie/Application/Admin/Public/fonts/fontawesome-webfont.woff2?v=4.3.0
INFO: [ app_init ] --START--
INFO: Run Behavior\BuildLiteBehavior [ RunTime:0.000000s ]
INFO: [ app_init ] --END-- [ RunTime:0.000000s ]
ERR: 无法加载模块:Application

[ 2018-11-02T14:55:14+08:00 ] 127.0.0.1 /zxx/wanxie/Application/Admin/Public/fonts/fontawesome-webfont.woff2?v=4.3.0
INFO: [ app_init ] --START--
INFO: Run Behavior\BuildLiteBehavior [ RunTime:0.000000s ]
INFO: [ app_init ] --END-- [ RunTime:0.000000s ]
ERR: 无法加载模块:Application

[ 2018-11-02T14:56:25+08:00 ] 127.0.0.1 /zxx/wanxie/Application/Admin/Public/fonts/fontawesome-webfont.woff2?v=4.3.0
INFO: [ app_init ] --START--
INFO: Run Behavior\BuildLiteBehavior [ RunTime:0.000000s ]
INFO: [ app_init ] --END-- [ RunTime:0.000000s ]
ERR: 无法加载模块:Application

[ 2018-11-02T14:57:10+08:00 ] 127.0.0.1 /zxx/wanxie/Application/Admin/Public/fonts/fontawesome-webfont.woff2?v=4.3.0
INFO: [ app_init ] --START--
INFO: Run Behavior\BuildLiteBehavior [ RunTime:0.000000s ]
INFO: [ app_init ] --END-- [ RunTime:0.000000s ]
ERR: 无法加载模块:Application

[ 2018-11-02T14:57:11+08:00 ] 127.0.0.1 /zxx/wanxie/Application/Admin/Public/fonts/fontawesome-webfont.woff2?v=4.3.0
INFO: [ app_init ] --START--
INFO: Run Behavior\BuildLiteBehavior [ RunTime:0.000000s ]
INFO: [ app_init ] --END-- [ RunTime:0.001000s ]
ERR: 无法加载模块:Application

[ 2018-11-02T14:58:16+08:00 ] 127.0.0.1 /zxx/wanxie/Application/Admin/Public/fonts/fontawesome-webfont.woff2?v=4.3.0
INFO: [ app_init ] --START--
INFO: Run Behavior\BuildLiteBehavior [ RunTime:0.000000s ]
INFO: [ app_init ] --END-- [ RunTime:0.001001s ]
ERR: 无法加载模块:Application

[ 2018-11-02T14:58:17+08:00 ] 127.0.0.1 /zxx/wanxie/Application/Admin/Public/fonts/fontawesome-webfont.woff2?v=4.3.0
INFO: [ app_init ] --START--
INFO: Run Behavior\BuildLiteBehavior [ RunTime:0.000000s ]
INFO: [ app_init ] --END-- [ RunTime:0.001000s ]
ERR: 无法加载模块:Application

[ 2018-11-02T14:58:19+08:00 ] 127.0.0.1 /zxx/wanxie/Application/Admin/Public/fonts/fontawesome-webfont.woff2?v=4.3.0
INFO: [ app_init ] --START--
INFO: Run Behavior\BuildLiteBehavior [ RunTime:0.000000s ]
INFO: [ app_init ] --END-- [ RunTime:0.000000s ]
ERR: 无法加载模块:Application

[ 2018-11-02T14:58:34+08:00 ] 127.0.0.1 /zxx/wanxie/Application/Admin/Public/fonts/fontawesome-webfont.woff2?v=4.3.0
INFO: [ app_init ] --START--
INFO: Run Behavior\BuildLiteBehavior [ RunTime:0.000000s ]
INFO: [ app_init ] --END-- [ RunTime:0.001000s ]
ERR: 无法加载模块:Application

[ 2018-11-02T15:02:08+08:00 ] 127.0.0.1 /zxx/wanxie/Application/Admin/Public/fonts/fontawesome-webfont.woff2?v=4.3.0
INFO: [ app_init ] --START--
INFO: Run Behavior\BuildLiteBehavior [ RunTime:0.000000s ]
INFO: [ app_init ] --END-- [ RunTime:0.001000s ]
ERR: 无法加载模块:Application

[ 2018-11-02T15:02:17+08:00 ] 127.0.0.1 /zxx/wanxie/Application/Admin/Public/fonts/fontawesome-webfont.woff2?v=4.3.0
INFO: [ app_init ] --START--
INFO: Run Behavior\BuildLiteBehavior [ RunTime:0.000000s ]
INFO: [ app_init ] --END-- [ RunTime:0.000000s ]
ERR: 无法加载模块:Application

[ 2018-11-02T15:02:18+08:00 ] 127.0.0.1 /zxx/wanxie/Application/Admin/Public/fonts/fontawesome-webfont.woff2?v=4.3.0
INFO: [ app_init ] --START--
INFO: Run Behavior\BuildLiteBehavior [ RunTime:0.000000s ]
INFO: [ app_init ] --END-- [ RunTime:0.001000s ]
ERR: 无法加载模块:Application

[ 2018-11-02T15:03:29+08:00 ] 127.0.0.1 /zxx/wanxie/Application/Admin/Public/fonts/fontawesome-webfont.woff2?v=4.3.0
INFO: [ app_init ] --START--
INFO: Run Behavior\BuildLiteBehavior [ RunTime:0.000000s ]
INFO: [ app_init ] --END-- [ RunTime:0.000000s ]
ERR: 无法加载模块:Application

[ 2018-11-02T15:03:35+08:00 ] 127.0.0.1 /zxx/wanxie/Application/Admin/Public/fonts/fontawesome-webfont.woff2?v=4.3.0
INFO: [ app_init ] --START--
INFO: Run Behavior\BuildLiteBehavior [ RunTime:0.000000s ]
INFO: [ app_init ] --END-- [ RunTime:0.000000s ]
ERR: 无法加载模块:Application

[ 2018-11-02T15:04:21+08:00 ] 127.0.0.1 /zxx/wanxie/Application/Admin/Public/fonts/fontawesome-webfont.woff2?v=4.3.0
INFO: [ app_init ] --START--
INFO: Run Behavior\BuildLiteBehavior [ RunTime:0.000000s ]
INFO: [ app_init ] --END-- [ RunTime:0.001000s ]
ERR: 无法加载模块:Application

[ 2018-11-02T15:05:20+08:00 ] 127.0.0.1 /zxx/wanxie/Application/Admin/Public/fonts/fontawesome-webfont.woff2?v=4.3.0
INFO: [ app_init ] --START--
INFO: Run Behavior\BuildLiteBehavior [ RunTime:0.000000s ]
INFO: [ app_init ] --END-- [ RunTime:0.000000s ]
ERR: 无法加载模块:Application

[ 2018-11-02T15:05:26+08:00 ] 127.0.0.1 /zxx/wanxie/Application/Admin/Public/fonts/fontawesome-webfont.woff2?v=4.3.0
INFO: [ app_init ] --START--
INFO: Run Behavior\BuildLiteBehavior [ RunTime:0.000000s ]
INFO: [ app_init ] --END-- [ RunTime:0.001000s ]
ERR: 无法加载模块:Application

[ 2018-11-02T15:08:38+08:00 ] 127.0.0.1 /zxx/wanxie/Application/Admin/Public/fonts/fontawesome-webfont.woff2?v=4.3.0
INFO: [ app_init ] --START--
INFO: Run Behavior\BuildLiteBehavior [ RunTime:0.000000s ]
INFO: [ app_init ] --END-- [ RunTime:0.000000s ]
ERR: 无法加载模块:Application

[ 2018-11-02T15:09:41+08:00 ] 127.0.0.1 /zxx/wanxie/Application/Admin/Public/fonts/fontawesome-webfont.woff2?v=4.3.0
INFO: [ app_init ] --START--
INFO: Run Behavior\BuildLiteBehavior [ RunTime:0.000000s ]
INFO: [ app_init ] --END-- [ RunTime:0.000000s ]
ERR: 无法加载模块:Application

[ 2018-11-02T15:09:48+08:00 ] 127.0.0.1 /zxx/wanxie/Application/Admin/Public/fonts/fontawesome-webfont.woff2?v=4.3.0
INFO: [ app_init ] --START--
INFO: Run Behavior\BuildLiteBehavior [ RunTime:0.000000s ]
INFO: [ app_init ] --END-- [ RunTime:0.001000s ]
ERR: 无法加载模块:Application

[ 2018-11-02T15:11:24+08:00 ] 127.0.0.1 /zxx/wanxie/Application/Admin/Public/fonts/fontawesome-webfont.woff2?v=4.3.0
INFO: [ app_init ] --START--
INFO: Run Behavior\BuildLiteBehavior [ RunTime:0.000000s ]
INFO: [ app_init ] --END-- [ RunTime:0.000000s ]
ERR: 无法加载模块:Application

[ 2018-11-02T15:11:42+08:00 ] 127.0.0.1 /zxx/wanxie/Application/Admin/Public/fonts/fontawesome-webfont.woff2?v=4.3.0
INFO: [ app_init ] --START--
INFO: Run Behavior\BuildLiteBehavior [ RunTime:0.000000s ]
INFO: [ app_init ] --END-- [ RunTime:0.000000s ]
ERR: 无法加载模块:Application

[ 2018-11-02T15:14:02+08:00 ] 127.0.0.1 /zxx/wanxie/Application/Admin/Public/fonts/fontawesome-webfont.woff2?v=4.3.0
INFO: [ app_init ] --START--
INFO: Run Behavior\BuildLiteBehavior [ RunTime:0.000000s ]
INFO: [ app_init ] --END-- [ RunTime:0.000000s ]
ERR: 无法加载模块:Application

[ 2018-11-02T15:16:23+08:00 ] 127.0.0.1 /zxx/wanxie/Application/Admin/Public/fonts/fontawesome-webfont.woff2?v=4.3.0
INFO: [ app_init ] --START--
INFO: Run Behavior\BuildLiteBehavior [ RunTime:0.000000s ]
INFO: [ app_init ] --END-- [ RunTime:0.001000s ]
ERR: 无法加载模块:Application

[ 2018-11-02T15:19:15+08:00 ] 127.0.0.1 /zxx/wanxie/Application/Admin/Public/fonts/fontawesome-webfont.woff2?v=4.3.0
INFO: [ app_init ] --START--
INFO: Run Behavior\BuildLiteBehavior [ RunTime:0.000000s ]
INFO: [ app_init ] --END-- [ RunTime:0.001000s ]
ERR: 无法加载模块:Application

[ 2018-11-02T15:19:20+08:00 ] 127.0.0.1 /zxx/wanxie/Application/Admin/Public/fonts/fontawesome-webfont.woff2?v=4.3.0
INFO: [ app_init ] --START--
INFO: Run Behavior\BuildLiteBehavior [ RunTime:0.000000s ]
INFO: [ app_init ] --END-- [ RunTime:0.000000s ]
ERR: 无法加载模块:Application

[ 2018-11-02T15:19:52+08:00 ] 127.0.0.1 /zxx/wanxie/Application/Admin/Public/fonts/fontawesome-webfont.woff2?v=4.3.0
INFO: [ app_init ] --START--
INFO: Run Behavior\BuildLiteBehavior [ RunTime:0.000000s ]
INFO: [ app_init ] --END-- [ RunTime:0.000000s ]
ERR: 无法加载模块:Application

[ 2018-11-02T15:24:44+08:00 ] 127.0.0.1 /zxx/wanxie/Application/Admin/Public/fonts/fontawesome-webfont.woff2?v=4.3.0
INFO: [ app_init ] --START--
INFO: Run Behavior\BuildLiteBehavior [ RunTime:0.000000s ]
INFO: [ app_init ] --END-- [ RunTime:0.000000s ]
ERR: 无法加载模块:Application

[ 2018-11-02T15:29:01+08:00 ] 127.0.0.1 /zxx/wanxie/Application/Admin/Public/fonts/fontawesome-webfont.woff2?v=4.3.0
INFO: [ app_init ] --START--
INFO: Run Behavior\BuildLiteBehavior [ RunTime:0.000000s ]
INFO: [ app_init ] --END-- [ RunTime:0.000000s ]
ERR: 无法加载模块:Application

[ 2018-11-02T15:29:06+08:00 ] 127.0.0.1 /zxx/wanxie/Application/Admin/Public/fonts/fontawesome-webfont.woff2?v=4.3.0
INFO: [ app_init ] --START--
INFO: Run Behavior\BuildLiteBehavior [ RunTime:0.000000s ]
INFO: [ app_init ] --END-- [ RunTime:0.001000s ]
ERR: 无法加载模块:Application

[ 2018-11-02T15:29:33+08:00 ] 127.0.0.1 /zxx/wanxie/Application/Admin/Public/fonts/fontawesome-webfont.woff2?v=4.3.0
INFO: [ app_init ] --START--
INFO: Run Behavior\BuildLiteBehavior [ RunTime:0.000000s ]
INFO: [ app_init ] --END-- [ RunTime:0.001000s ]
ERR: 无法加载模块:Application

[ 2018-11-02T15:29:33+08:00 ] 127.0.0.1 /zxx/wanxie/Application/Admin/Public/fonts/fontawesome-webfont.woff2?v=4.3.0
INFO: [ app_init ] --START--
INFO: Run Behavior\BuildLiteBehavior [ RunTime:0.000000s ]
INFO: [ app_init ] --END-- [ RunTime:0.000000s ]
ERR: 无法加载模块:Application

[ 2018-11-02T15:29:34+08:00 ] 127.0.0.1 /zxx/wanxie/Application/Admin/Public/fonts/fontawesome-webfont.woff2?v=4.3.0
INFO: [ app_init ] --START--
INFO: Run Behavior\BuildLiteBehavior [ RunTime:0.000000s ]
INFO: [ app_init ] --END-- [ RunTime:0.002000s ]
ERR: 无法加载模块:Application

[ 2018-11-02T15:29:34+08:00 ] 127.0.0.1 /zxx/wanxie/Application/Admin/Public/fonts/fontawesome-webfont.woff2?v=4.3.0
INFO: [ app_init ] --START--
INFO: Run Behavior\BuildLiteBehavior [ RunTime:0.000000s ]
INFO: [ app_init ] --END-- [ RunTime:0.000000s ]
ERR: 无法加载模块:Application

[ 2018-11-02T15:29:37+08:00 ] 127.0.0.1 /zxx/wanxie/Application/Admin/Public/fonts/fontawesome-webfont.woff2?v=4.3.0
INFO: [ app_init ] --START--
INFO: Run Behavior\BuildLiteBehavior [ RunTime:0.000000s ]
INFO: [ app_init ] --END-- [ RunTime:0.001001s ]
ERR: 无法加载模块:Application

[ 2018-11-02T15:29:40+08:00 ] 127.0.0.1 /zxx/wanxie/Application/Admin/Public/fonts/fontawesome-webfont.woff2?v=4.3.0
INFO: [ app_init ] --START--
INFO: Run Behavior\BuildLiteBehavior [ RunTime:0.000000s ]
INFO: [ app_init ] --END-- [ RunTime:0.001000s ]
ERR: 无法加载模块:Application

[ 2018-11-02T15:29:40+08:00 ] 127.0.0.1 /zxx/wanxie/Application/Admin/Public/fonts/fontawesome-webfont.woff2?v=4.3.0
INFO: [ app_init ] --START--
INFO: Run Behavior\BuildLiteBehavior [ RunTime:0.000000s ]
INFO: [ app_init ] --END-- [ RunTime:0.001001s ]
ERR: 无法加载模块:Application

[ 2018-11-02T15:29:41+08:00 ] 127.0.0.1 /zxx/wanxie/Application/Admin/Public/fonts/fontawesome-webfont.woff2?v=4.3.0
INFO: [ app_init ] --START--
INFO: Run Behavior\BuildLiteBehavior [ RunTime:0.000000s ]
INFO: [ app_init ] --END-- [ RunTime:0.001000s ]
ERR: 无法加载模块:Application

[ 2018-11-02T15:30:18+08:00 ] 127.0.0.1 /zxx/wanxie/Application/Admin/Public/fonts/fontawesome-webfont.woff2?v=4.3.0
INFO: [ app_init ] --START--
INFO: Run Behavior\BuildLiteBehavior [ RunTime:0.000000s ]
INFO: [ app_init ] --END-- [ RunTime:0.001000s ]
ERR: 无法加载模块:Application

[ 2018-11-02T15:30:21+08:00 ] 127.0.0.1 /zxx/wanxie/Application/Admin/Public/fonts/fontawesome-webfont.woff2?v=4.3.0
INFO: [ app_init ] --START--
INFO: Run Behavior\BuildLiteBehavior [ RunTime:0.000000s ]
INFO: [ app_init ] --END-- [ RunTime:0.001001s ]
ERR: 无法加载模块:Application

[ 2018-11-02T15:30:21+08:00 ] 127.0.0.1 /zxx/wanxie/Application/Admin/Public/fonts/fontawesome-webfont.woff2?v=4.3.0
INFO: [ app_init ] --START--
INFO: Run Behavior\BuildLiteBehavior [ RunTime:0.000000s ]
INFO: [ app_init ] --END-- [ RunTime:0.001000s ]
ERR: 无法加载模块:Application

[ 2018-11-02T15:30:21+08:00 ] 127.0.0.1 /zxx/wanxie/Application/Admin/Public/fonts/fontawesome-webfont.woff2?v=4.3.0
INFO: [ app_init ] --START--
INFO: Run Behavior\BuildLiteBehavior [ RunTime:0.000000s ]
INFO: [ app_init ] --END-- [ RunTime:0.001000s ]
ERR: 无法加载模块:Application

[ 2018-11-02T15:30:33+08:00 ] 127.0.0.1 /zxx/wanxie/Application/Admin/Public/fonts/fontawesome-webfont.woff2?v=4.3.0
INFO: [ app_init ] --START--
INFO: Run Behavior\BuildLiteBehavior [ RunTime:0.000000s ]
INFO: [ app_init ] --END-- [ RunTime:0.001000s ]
ERR: 无法加载模块:Application

[ 2018-11-02T15:30:34+08:00 ] 127.0.0.1 /zxx/wanxie/Application/Admin/Public/fonts/fontawesome-webfont.woff2?v=4.3.0
INFO: [ app_init ] --START--
INFO: Run Behavior\BuildLiteBehavior [ RunTime:0.000000s ]
INFO: [ app_init ] --END-- [ RunTime:0.001000s ]
ERR: 无法加载模块:Application

[ 2018-11-02T15:30:34+08:00 ] 127.0.0.1 /zxx/wanxie/Application/Admin/Public/fonts/fontawesome-webfont.woff2?v=4.3.0
INFO: [ app_init ] --START--
INFO: Run Behavior\BuildLiteBehavior [ RunTime:0.000000s ]
INFO: [ app_init ] --END-- [ RunTime:0.000000s ]
ERR: 无法加载模块:Application

[ 2018-11-02T15:33:20+08:00 ] 127.0.0.1 /zxx/wanxie/Application/Admin/Public/fonts/fontawesome-webfont.woff2?v=4.3.0
INFO: [ app_init ] --START--
INFO: Run Behavior\BuildLiteBehavior [ RunTime:0.000000s ]
INFO: [ app_init ] --END-- [ RunTime:0.001000s ]
ERR: 无法加载模块:Application

[ 2018-11-02T15:33:35+08:00 ] 127.0.0.1 /zxx/wanxie/Application/Admin/Public/fonts/fontawesome-webfont.woff2?v=4.3.0
INFO: [ app_init ] --START--
INFO: Run Behavior\BuildLiteBehavior [ RunTime:0.000000s ]
INFO: [ app_init ] --END-- [ RunTime:0.000000s ]
ERR: 无法加载模块:Application

[ 2018-11-02T15:33:39+08:00 ] 127.0.0.1 /zxx/wanxie/Application/Admin/Public/fonts/fontawesome-webfont.woff2?v=4.3.0
INFO: [ app_init ] --START--
INFO: Run Behavior\BuildLiteBehavior [ RunTime:0.000000s ]
INFO: [ app_init ] --END-- [ RunTime:0.001000s ]
ERR: 无法加载模块:Application

[ 2018-11-02T15:33:41+08:00 ] 127.0.0.1 /zxx/wanxie/Application/Admin/Public/fonts/fontawesome-webfont.woff2?v=4.3.0
INFO: [ app_init ] --START--
INFO: Run Behavior\BuildLiteBehavior [ RunTime:0.000000s ]
INFO: [ app_init ] --END-- [ RunTime:0.000000s ]
ERR: 无法加载模块:Application

[ 2018-11-02T15:33:41+08:00 ] 127.0.0.1 /zxx/wanxie/Application/Admin/Public/fonts/fontawesome-webfont.woff2?v=4.3.0
INFO: [ app_init ] --START--
INFO: Run Behavior\BuildLiteBehavior [ RunTime:0.000000s ]
INFO: [ app_init ] --END-- [ RunTime:0.001000s ]
ERR: 无法加载模块:Application

[ 2018-11-02T15:33:41+08:00 ] 127.0.0.1 /zxx/wanxie/Application/Admin/Public/fonts/fontawesome-webfont.woff2?v=4.3.0
INFO: [ app_init ] --START--
INFO: Run Behavior\BuildLiteBehavior [ RunTime:0.000000s ]
INFO: [ app_init ] --END-- [ RunTime:0.001000s ]
ERR: 无法加载模块:Application

[ 2018-11-02T15:34:30+08:00 ] 127.0.0.1 /zxx/wanxie/Application/Admin/Public/fonts/fontawesome-webfont.woff2?v=4.3.0
INFO: [ app_init ] --START--
INFO: Run Behavior\BuildLiteBehavior [ RunTime:0.000000s ]
INFO: [ app_init ] --END-- [ RunTime:0.000000s ]
ERR: 无法加载模块:Application

[ 2018-11-02T15:35:24+08:00 ] 127.0.0.1 /zxx/wanxie/Application/Admin/Public/fonts/fontawesome-webfont.woff2?v=4.3.0
INFO: [ app_init ] --START--
INFO: Run Behavior\BuildLiteBehavior [ RunTime:0.000000s ]
INFO: [ app_init ] --END-- [ RunTime:0.001000s ]
ERR: 无法加载模块:Application

[ 2018-11-02T15:35:24+08:00 ] 127.0.0.1 /zxx/wanxie/Application/Admin/Public/fonts/fontawesome-webfont.woff2?v=4.3.0
INFO: [ app_init ] --START--
INFO: Run Behavior\BuildLiteBehavior [ RunTime:0.000000s ]
INFO: [ app_init ] --END-- [ RunTime:0.001000s ]
ERR: 无法加载模块:Application

[ 2018-11-02T15:35:44+08:00 ] 127.0.0.1 /zxx/wanxie/Application/Admin/Public/fonts/fontawesome-webfont.woff2?v=4.3.0
INFO: [ app_init ] --START--
INFO: Run Behavior\BuildLiteBehavior [ RunTime:0.000000s ]
INFO: [ app_init ] --END-- [ RunTime:0.000000s ]
ERR: 无法加载模块:Application

[ 2018-11-02T15:35:45+08:00 ] 127.0.0.1 /zxx/wanxie/Application/Admin/Public/fonts/fontawesome-webfont.woff2?v=4.3.0
INFO: [ app_init ] --START--
INFO: Run Behavior\BuildLiteBehavior [ RunTime:0.000000s ]
INFO: [ app_init ] --END-- [ RunTime:0.000000s ]
ERR: 无法加载模块:Application

[ 2018-11-02T15:37:34+08:00 ] 127.0.0.1 /zxx/wanxie/Application/Admin/Public/fonts/fontawesome-webfont.woff2?v=4.3.0
INFO: [ app_init ] --START--
INFO: Run Behavior\BuildLiteBehavior [ RunTime:0.000000s ]
INFO: [ app_init ] --END-- [ RunTime:0.001001s ]
ERR: 无法加载模块:Application

[ 2018-11-02T15:38:33+08:00 ] 127.0.0.1 /zxx/wanxie/Application/Admin/Public/fonts/fontawesome-webfont.woff2?v=4.3.0
INFO: [ app_init ] --START--
INFO: Run Behavior\BuildLiteBehavior [ RunTime:0.000000s ]
INFO: [ app_init ] --END-- [ RunTime:0.001000s ]
ERR: 无法加载模块:Application

[ 2018-11-02T15:38:33+08:00 ] 127.0.0.1 /zxx/wanxie/Application/Admin/Public/fonts/fontawesome-webfont.woff2?v=4.3.0
INFO: [ app_init ] --START--
INFO: Run Behavior\BuildLiteBehavior [ RunTime:0.000000s ]
INFO: [ app_init ] --END-- [ RunTime:0.000000s ]
ERR: 无法加载模块:Application

[ 2018-11-02T15:38:33+08:00 ] 127.0.0.1 /zxx/wanxie/Application/Admin/Public/fonts/fontawesome-webfont.woff2?v=4.3.0
INFO: [ app_init ] --START--
INFO: Run Behavior\BuildLiteBehavior [ RunTime:0.000000s ]
INFO: [ app_init ] --END-- [ RunTime:0.001000s ]
ERR: 无法加载模块:Application

[ 2018-11-02T15:38:34+08:00 ] 127.0.0.1 /zxx/wanxie/Application/Admin/Public/fonts/fontawesome-webfont.woff2?v=4.3.0
INFO: [ app_init ] --START--
INFO: Run Behavior\BuildLiteBehavior [ RunTime:0.000000s ]
INFO: [ app_init ] --END-- [ RunTime:0.000000s ]
ERR: 无法加载模块:Application

[ 2018-11-02T15:39:26+08:00 ] 127.0.0.1 /zxx/wanxie/Application/Admin/Public/fonts/fontawesome-webfont.woff2?v=4.3.0
INFO: [ app_init ] --START--
INFO: Run Behavior\BuildLiteBehavior [ RunTime:0.000000s ]
INFO: [ app_init ] --END-- [ RunTime:0.000000s ]
ERR: 无法加载模块:Application

[ 2018-11-02T15:39:26+08:00 ] 127.0.0.1 /zxx/wanxie/Application/Admin/Public/fonts/fontawesome-webfont.woff2?v=4.3.0
INFO: [ app_init ] --START--
INFO: Run Behavior\BuildLiteBehavior [ RunTime:0.000000s ]
INFO: [ app_init ] --END-- [ RunTime:0.000000s ]
ERR: 无法加载模块:Application

[ 2018-11-02T15:42:05+08:00 ] 127.0.0.1 /zxx/wanxie/Application/Admin/Public/fonts/fontawesome-webfont.woff2?v=4.3.0
INFO: [ app_init ] --START--
INFO: Run Behavior\BuildLiteBehavior [ RunTime:0.000000s ]
INFO: [ app_init ] --END-- [ RunTime:0.001000s ]
ERR: 无法加载模块:Application

[ 2018-11-02T15:42:06+08:00 ] 127.0.0.1 /zxx/wanxie/Application/Admin/Public/fonts/fontawesome-webfont.woff2?v=4.3.0
INFO: [ app_init ] --START--
INFO: Run Behavior\BuildLiteBehavior [ RunTime:0.000000s ]
INFO: [ app_init ] --END-- [ RunTime:0.000000s ]
ERR: 无法加载模块:Application

[ 2018-11-02T15:42:45+08:00 ] 127.0.0.1 /zxx/wanxie/Application/Admin/Public/fonts/fontawesome-webfont.woff2?v=4.3.0
INFO: [ app_init ] --START--
INFO: Run Behavior\BuildLiteBehavior [ RunTime:0.000000s ]
INFO: [ app_init ] --END-- [ RunTime:0.002001s ]
ERR: 无法加载模块:Application

[ 2018-11-02T15:43:49+08:00 ] 127.0.0.1 /zxx/wanxie/Application/Admin/Public/fonts/fontawesome-webfont.woff2?v=4.3.0
INFO: [ app_init ] --START--
INFO: Run Behavior\BuildLiteBehavior [ RunTime:0.000000s ]
INFO: [ app_init ] --END-- [ RunTime:0.000000s ]
ERR: 无法加载模块:Application

[ 2018-11-02T15:43:51+08:00 ] 127.0.0.1 /zxx/wanxie/Application/Admin/Public/fonts/fontawesome-webfont.woff2?v=4.3.0
INFO: [ app_init ] --START--
INFO: Run Behavior\BuildLiteBehavior [ RunTime:0.000000s ]
INFO: [ app_init ] --END-- [ RunTime:0.000000s ]
ERR: 无法加载模块:Application

[ 2018-11-02T15:44:52+08:00 ] 127.0.0.1 /zxx/wanxie/Application/Admin/Public/fonts/fontawesome-webfont.woff2?v=4.3.0
INFO: [ app_init ] --START--
INFO: Run Behavior\BuildLiteBehavior [ RunTime:0.000000s ]
INFO: [ app_init ] --END-- [ RunTime:0.001000s ]
ERR: 无法加载模块:Application

[ 2018-11-02T15:44:54+08:00 ] 127.0.0.1 /zxx/wanxie/Application/Admin/Public/fonts/fontawesome-webfont.woff2?v=4.3.0
INFO: [ app_init ] --START--
INFO: Run Behavior\BuildLiteBehavior [ RunTime:0.000000s ]
INFO: [ app_init ] --END-- [ RunTime:0.000000s ]
ERR: 无法加载模块:Application

[ 2018-11-02T15:44:55+08:00 ] 127.0.0.1 /zxx/wanxie/Application/Admin/Public/fonts/fontawesome-webfont.woff2?v=4.3.0
INFO: [ app_init ] --START--
INFO: Run Behavior\BuildLiteBehavior [ RunTime:0.000000s ]
INFO: [ app_init ] --END-- [ RunTime:0.001000s ]
ERR: 无法加载模块:Application

[ 2018-11-02T15:46:31+08:00 ] 127.0.0.1 /zxx/wanxie/Application/Admin/Public/fonts/fontawesome-webfont.woff2?v=4.3.0
INFO: [ app_init ] --START--
INFO: Run Behavior\BuildLiteBehavior [ RunTime:0.000000s ]
INFO: [ app_init ] --END-- [ RunTime:0.000000s ]
ERR: 无法加载模块:Application

[ 2018-11-02T15:47:07+08:00 ] 127.0.0.1 /zxx/wanxie/Application/Admin/Public/fonts/fontawesome-webfont.woff2?v=4.3.0
INFO: [ app_init ] --START--
INFO: Run Behavior\BuildLiteBehavior [ RunTime:0.000000s ]
INFO: [ app_init ] --END-- [ RunTime:0.001000s ]
ERR: 无法加载模块:Application

[ 2018-11-02T15:47:08+08:00 ] 127.0.0.1 /zxx/wanxie/Application/Admin/Public/fonts/fontawesome-webfont.woff2?v=4.3.0
INFO: [ app_init ] --START--
INFO: Run Behavior\BuildLiteBehavior [ RunTime:0.000000s ]
INFO: [ app_init ] --END-- [ RunTime:0.001000s ]
ERR: 无法加载模块:Application

[ 2018-11-02T15:47:23+08:00 ] 127.0.0.1 /zxx/wanxie/Application/Admin/Public/fonts/fontawesome-webfont.woff2?v=4.3.0
INFO: [ app_init ] --START--
INFO: Run Behavior\BuildLiteBehavior [ RunTime:0.000000s ]
INFO: [ app_init ] --END-- [ RunTime:0.001000s ]
ERR: 无法加载模块:Application

[ 2018-11-02T15:47:24+08:00 ] 127.0.0.1 /zxx/wanxie/Application/Admin/Public/fonts/fontawesome-webfont.woff2?v=4.3.0
INFO: [ app_init ] --START--
INFO: Run Behavior\BuildLiteBehavior [ RunTime:0.001000s ]
INFO: [ app_init ] --END-- [ RunTime:0.001000s ]
ERR: 无法加载模块:Application

[ 2018-11-02T15:47:24+08:00 ] 127.0.0.1 /zxx/wanxie/Application/Admin/Public/fonts/fontawesome-webfont.woff2?v=4.3.0
INFO: [ app_init ] --START--
INFO: Run Behavior\BuildLiteBehavior [ RunTime:0.000000s ]
INFO: [ app_init ] --END-- [ RunTime:0.000000s ]
ERR: 无法加载模块:Application

[ 2018-11-02T15:47:32+08:00 ] 127.0.0.1 /zxx/wanxie/Application/Admin/Public/fonts/fontawesome-webfont.woff2?v=4.3.0
INFO: [ app_init ] --START--
INFO: Run Behavior\BuildLiteBehavior [ RunTime:0.000000s ]
INFO: [ app_init ] --END-- [ RunTime:0.001000s ]
ERR: 无法加载模块:Application

[ 2018-11-02T15:47:32+08:00 ] 127.0.0.1 /zxx/wanxie/Application/Admin/Public/fonts/fontawesome-webfont.woff2?v=4.3.0
INFO: [ app_init ] --START--
INFO: Run Behavior\BuildLiteBehavior [ RunTime:0.000000s ]
INFO: [ app_init ] --END-- [ RunTime:0.000000s ]
ERR: 无法加载模块:Application

[ 2018-11-02T15:47:40+08:00 ] 127.0.0.1 /zxx/wanxie/Application/Admin/Public/fonts/fontawesome-webfont.woff2?v=4.3.0
INFO: [ app_init ] --START--
INFO: Run Behavior\BuildLiteBehavior [ RunTime:0.000000s ]
INFO: [ app_init ] --END-- [ RunTime:0.001000s ]
ERR: 无法加载模块:Application

[ 2018-11-02T15:47:40+08:00 ] 127.0.0.1 /zxx/wanxie/Application/Admin/Public/fonts/fontawesome-webfont.woff2?v=4.3.0
INFO: [ app_init ] --START--
INFO: Run Behavior\BuildLiteBehavior [ RunTime:0.000000s ]
INFO: [ app_init ] --END-- [ RunTime:0.001000s ]
ERR: 无法加载模块:Application

[ 2018-11-02T15:47:41+08:00 ] 127.0.0.1 /zxx/wanxie/Application/Admin/Public/fonts/fontawesome-webfont.woff2?v=4.3.0
INFO: [ app_init ] --START--
INFO: Run Behavior\BuildLiteBehavior [ RunTime:0.000000s ]
INFO: [ app_init ] --END-- [ RunTime:0.000000s ]
ERR: 无法加载模块:Application

[ 2018-11-02T15:47:55+08:00 ] 127.0.0.1 /zxx/wanxie/Application/Admin/Public/fonts/fontawesome-webfont.woff2?v=4.3.0
INFO: [ app_init ] --START--
INFO: Run Behavior\BuildLiteBehavior [ RunTime:0.000000s ]
INFO: [ app_init ] --END-- [ RunTime:0.000000s ]
ERR: 无法加载模块:Application

[ 2018-11-02T15:47:56+08:00 ] 127.0.0.1 /zxx/wanxie/Application/Admin/Public/fonts/fontawesome-webfont.woff2?v=4.3.0
INFO: [ app_init ] --START--
INFO: Run Behavior\BuildLiteBehavior [ RunTime:0.000000s ]
INFO: [ app_init ] --END-- [ RunTime:0.002000s ]
ERR: 无法加载模块:Application

[ 2018-11-02T15:48:03+08:00 ] 127.0.0.1 /zxx/wanxie/Application/Admin/Public/fonts/fontawesome-webfont.woff2?v=4.3.0
INFO: [ app_init ] --START--
INFO: Run Behavior\BuildLiteBehavior [ RunTime:0.000000s ]
INFO: [ app_init ] --END-- [ RunTime:0.000000s ]
ERR: 无法加载模块:Application

[ 2018-11-02T15:48:04+08:00 ] 127.0.0.1 /zxx/wanxie/Application/Admin/Public/fonts/fontawesome-webfont.woff2?v=4.3.0
INFO: [ app_init ] --START--
INFO: Run Behavior\BuildLiteBehavior [ RunTime:0.001000s ]
INFO: [ app_init ] --END-- [ RunTime:0.001000s ]
ERR: 无法加载模块:Application

[ 2018-11-02T15:48:39+08:00 ] 127.0.0.1 /zxx/wanxie/Application/Admin/Public/fonts/fontawesome-webfont.woff2?v=4.3.0
INFO: [ app_init ] --START--
INFO: Run Behavior\BuildLiteBehavior [ RunTime:0.000000s ]
INFO: [ app_init ] --END-- [ RunTime:0.001000s ]
ERR: 无法加载模块:Application

[ 2018-11-02T15:48:54+08:00 ] 127.0.0.1 /zxx/wanxie/Application/Admin/Public/fonts/fontawesome-webfont.woff2?v=4.3.0
INFO: [ app_init ] --START--
INFO: Run Behavior\BuildLiteBehavior [ RunTime:0.000000s ]
INFO: [ app_init ] --END-- [ RunTime:0.001001s ]
ERR: 无法加载模块:Application

[ 2018-11-02T15:50:29+08:00 ] 127.0.0.1 /zxx/wanxie/Application/Admin/Public/fonts/fontawesome-webfont.woff2?v=4.3.0
INFO: [ app_init ] --START--
INFO: Run Behavior\BuildLiteBehavior [ RunTime:0.000000s ]
INFO: [ app_init ] --END-- [ RunTime:0.001000s ]
ERR: 无法加载模块:Application

[ 2018-11-02T15:52:46+08:00 ] 127.0.0.1 /zxx/wanxie/Application/Admin/Public/fonts/fontawesome-webfont.woff2?v=4.3.0
INFO: [ app_init ] --START--
INFO: Run Behavior\BuildLiteBehavior [ RunTime:0.000000s ]
INFO: [ app_init ] --END-- [ RunTime:0.000000s ]
ERR: 无法加载模块:Application

[ 2018-11-02T15:53:12+08:00 ] 127.0.0.1 /zxx/wanxie/Application/Admin/Public/fonts/fontawesome-webfont.woff2?v=4.3.0
INFO: [ app_init ] --START--
INFO: Run Behavior\BuildLiteBehavior [ RunTime:0.001000s ]
INFO: [ app_init ] --END-- [ RunTime:0.001000s ]
ERR: 无法加载模块:Application

[ 2018-11-02T15:53:12+08:00 ] 127.0.0.1 /zxx/wanxie/Application/Admin/Public/fonts/fontawesome-webfont.woff2?v=4.3.0
INFO: [ app_init ] --START--
INFO: Run Behavior\BuildLiteBehavior [ RunTime:0.000000s ]
INFO: [ app_init ] --END-- [ RunTime:0.001000s ]
ERR: 无法加载模块:Application

[ 2018-11-02T16:03:07+08:00 ] 127.0.0.1 /zxx/wanxie/Application/Admin/Public/fonts/fontawesome-webfont.woff2?v=4.3.0
INFO: [ app_init ] --START--
INFO: Run Behavior\BuildLiteBehavior [ RunTime:0.000000s ]
INFO: [ app_init ] --END-- [ RunTime:0.000000s ]
ERR: 无法加载模块:Application

[ 2018-11-02T16:04:19+08:00 ] 127.0.0.1 /zxx/wanxie/Application/Admin/Public/fonts/fontawesome-webfont.woff2?v=4.3.0
INFO: [ app_init ] --START--
INFO: Run Behavior\BuildLiteBehavior [ RunTime:0.000000s ]
INFO: [ app_init ] --END-- [ RunTime:0.001001s ]
ERR: 无法加载模块:Application

[ 2018-11-02T16:04:20+08:00 ] 127.0.0.1 /zxx/wanxie/Application/Admin/Public/fonts/fontawesome-webfont.woff2?v=4.3.0
INFO: [ app_init ] --START--
INFO: Run Behavior\BuildLiteBehavior [ RunTime:0.000000s ]
INFO: [ app_init ] --END-- [ RunTime:0.000000s ]
ERR: 无法加载模块:Application

[ 2018-11-02T16:06:59+08:00 ] 127.0.0.1 /zxx/wanxie/Application/Admin/Public/fonts/fontawesome-webfont.woff2?v=4.3.0
INFO: [ app_init ] --START--
INFO: Run Behavior\BuildLiteBehavior [ RunTime:0.000000s ]
INFO: [ app_init ] --END-- [ RunTime:0.001000s ]
ERR: 无法加载模块:Application

[ 2018-11-02T16:07:43+08:00 ] 127.0.0.1 /zxx/wanxie/Application/Admin/Public/fonts/fontawesome-webfont.woff2?v=4.3.0
INFO: [ app_init ] --START--
INFO: Run Behavior\BuildLiteBehavior [ RunTime:0.000000s ]
INFO: [ app_init ] --END-- [ RunTime:0.000000s ]
ERR: 无法加载模块:Application

[ 2018-11-02T16:08:37+08:00 ] 127.0.0.1 /zxx/wanxie/Application/Admin/Public/fonts/fontawesome-webfont.woff2?v=4.3.0
INFO: [ app_init ] --START--
INFO: Run Behavior\BuildLiteBehavior [ RunTime:0.000000s ]
INFO: [ app_init ] --END-- [ RunTime:0.001000s ]
ERR: 无法加载模块:Application

[ 2018-11-02T16:09:31+08:00 ] 127.0.0.1 /zxx/wanxie/Application/Admin/Public/fonts/fontawesome-webfont.woff2?v=4.3.0
INFO: [ app_init ] --START--
INFO: Run Behavior\BuildLiteBehavior [ RunTime:0.000000s ]
INFO: [ app_init ] --END-- [ RunTime:0.001000s ]
ERR: 无法加载模块:Application

[ 2018-11-02T16:09:31+08:00 ] 127.0.0.1 /zxx/wanxie/Application/Admin/Public/fonts/fontawesome-webfont.woff2?v=4.3.0
INFO: [ app_init ] --START--
INFO: Run Behavior\BuildLiteBehavior [ RunTime:0.000000s ]
INFO: [ app_init ] --END-- [ RunTime:0.001000s ]
ERR: 无法加载模块:Application

[ 2018-11-02T16:10:18+08:00 ] 127.0.0.1 /zxx/wanxie/Application/Admin/Public/fonts/fontawesome-webfont.woff2?v=4.3.0
INFO: [ app_init ] --START--
INFO: Run Behavior\BuildLiteBehavior [ RunTime:0.000000s ]
INFO: [ app_init ] --END-- [ RunTime:0.000000s ]
ERR: 无法加载模块:Application

[ 2018-11-02T16:10:18+08:00 ] 127.0.0.1 /zxx/wanxie/Application/Admin/Public/fonts/fontawesome-webfont.woff2?v=4.3.0
INFO: [ app_init ] --START--
INFO: Run Behavior\BuildLiteBehavior [ RunTime:0.000000s ]
INFO: [ app_init ] --END-- [ RunTime:0.000000s ]
ERR: 无法加载模块:Application

[ 2018-11-02T16:10:28+08:00 ] 127.0.0.1 /zxx/wanxie/Application/Admin/Public/fonts/fontawesome-webfont.woff2?v=4.3.0
INFO: [ app_init ] --START--
INFO: Run Behavior\BuildLiteBehavior [ RunTime:0.000000s ]
INFO: [ app_init ] --END-- [ RunTime:0.000000s ]
ERR: 无法加载模块:Application

[ 2018-11-02T16:10:46+08:00 ] 127.0.0.1 /zxx/wanxie/Application/Admin/Public/fonts/fontawesome-webfont.woff2?v=4.3.0
INFO: [ app_init ] --START--
INFO: Run Behavior\BuildLiteBehavior [ RunTime:0.000000s ]
INFO: [ app_init ] --END-- [ RunTime:0.000000s ]
ERR: 无法加载模块:Application

[ 2018-11-02T16:10:57+08:00 ] 127.0.0.1 /zxx/wanxie/Application/Admin/Public/fonts/fontawesome-webfont.woff2?v=4.3.0
INFO: [ app_init ] --START--
INFO: Run Behavior\BuildLiteBehavior [ RunTime:0.000000s ]
INFO: [ app_init ] --END-- [ RunTime:0.000000s ]
ERR: 无法加载模块:Application

[ 2018-11-02T16:12:35+08:00 ] 127.0.0.1 /zxx/wanxie/Application/Admin/Public/fonts/fontawesome-webfont.woff2?v=4.3.0
INFO: [ app_init ] --START--
INFO: Run Behavior\BuildLiteBehavior [ RunTime:0.000000s ]
INFO: [ app_init ] --END-- [ RunTime:0.001000s ]
ERR: 无法加载模块:Application

[ 2018-11-02T16:12:35+08:00 ] 127.0.0.1 /zxx/wanxie/Application/Admin/Public/fonts/fontawesome-webfont.woff2?v=4.3.0
INFO: [ app_init ] --START--
INFO: Run Behavior\BuildLiteBehavior [ RunTime:0.000000s ]
INFO: [ app_init ] --END-- [ RunTime:0.001001s ]
ERR: 无法加载模块:Application

[ 2018-11-02T16:13:11+08:00 ] 127.0.0.1 /zxx/wanxie/Application/Admin/Public/fonts/fontawesome-webfont.woff2?v=4.3.0
INFO: [ app_init ] --START--
INFO: Run Behavior\BuildLiteBehavior [ RunTime:0.000000s ]
INFO: [ app_init ] --END-- [ RunTime:0.000000s ]
ERR: 无法加载模块:Application

[ 2018-11-02T16:13:25+08:00 ] 127.0.0.1 /zxx/wanxie/Application/Admin/Public/fonts/fontawesome-webfont.woff2?v=4.3.0
INFO: [ app_init ] --START--
INFO: Run Behavior\BuildLiteBehavior [ RunTime:0.000000s ]
INFO: [ app_init ] --END-- [ RunTime:0.001000s ]
ERR: 无法加载模块:Application

[ 2018-11-02T16:14:07+08:00 ] 127.0.0.1 /zxx/wanxie/Application/Admin/Public/fonts/fontawesome-webfont.woff2?v=4.3.0
INFO: [ app_init ] --START--
INFO: Run Behavior\BuildLiteBehavior [ RunTime:0.000000s ]
INFO: [ app_init ] --END-- [ RunTime:0.001000s ]
ERR: 无法加载模块:Application

[ 2018-11-02T16:14:08+08:00 ] 127.0.0.1 /zxx/wanxie/Application/Admin/Public/fonts/fontawesome-webfont.woff2?v=4.3.0
INFO: [ app_init ] --START--
INFO: Run Behavior\BuildLiteBehavior [ RunTime:0.000000s ]
INFO: [ app_init ] --END-- [ RunTime:0.001000s ]
ERR: 无法加载模块:Application

[ 2018-11-02T16:14:30+08:00 ] 127.0.0.1 /zxx/wanxie/Application/Admin/Public/fonts/fontawesome-webfont.woff2?v=4.3.0
INFO: [ app_init ] --START--
INFO: Run Behavior\BuildLiteBehavior [ RunTime:0.000000s ]
INFO: [ app_init ] --END-- [ RunTime:0.000000s ]
ERR: 无法加载模块:Application

[ 2018-11-02T16:14:30+08:00 ] 127.0.0.1 /zxx/wanxie/Application/Admin/Public/fonts/fontawesome-webfont.woff2?v=4.3.0
INFO: [ app_init ] --START--
INFO: Run Behavior\BuildLiteBehavior [ RunTime:0.000000s ]
INFO: [ app_init ] --END-- [ RunTime:0.001000s ]
ERR: 无法加载模块:Application

[ 2018-11-02T16:18:20+08:00 ] 127.0.0.1 /zxx/wanxie/Application/Admin/Public/fonts/fontawesome-webfont.woff2?v=4.3.0
INFO: [ app_init ] --START--
INFO: Run Behavior\BuildLiteBehavior [ RunTime:0.000000s ]
INFO: [ app_init ] --END-- [ RunTime:0.001000s ]
ERR: 无法加载模块:Application

[ 2018-11-02T16:19:34+08:00 ] 127.0.0.1 /zxx/wanxie/Application/Admin/Public/fonts/fontawesome-webfont.woff2?v=4.3.0
INFO: [ app_init ] --START--
INFO: Run Behavior\BuildLiteBehavior [ RunTime:0.000000s ]
INFO: [ app_init ] --END-- [ RunTime:0.000000s ]
ERR: 无法加载模块:Application

[ 2018-11-02T16:19:34+08:00 ] 127.0.0.1 /zxx/wanxie/Application/Admin/Public/fonts/fontawesome-webfont.woff2?v=4.3.0
INFO: [ app_init ] --START--
INFO: Run Behavior\BuildLiteBehavior [ RunTime:0.000000s ]
INFO: [ app_init ] --END-- [ RunTime:0.000000s ]
ERR: 无法加载模块:Application

[ 2018-11-02T16:19:34+08:00 ] 127.0.0.1 /zxx/wanxie/Application/Admin/Public/fonts/fontawesome-webfont.woff2?v=4.3.0
INFO: [ app_init ] --START--
INFO: Run Behavior\BuildLiteBehavior [ RunTime:0.000000s ]
INFO: [ app_init ] --END-- [ RunTime:0.001000s ]
ERR: 无法加载模块:Application

[ 2018-11-02T16:19:56+08:00 ] 127.0.0.1 /zxx/wanxie/Application/Admin/Public/fonts/fontawesome-webfont.woff2?v=4.3.0
INFO: [ app_init ] --START--
INFO: Run Behavior\BuildLiteBehavior [ RunTime:0.000000s ]
INFO: [ app_init ] --END-- [ RunTime:0.000000s ]
ERR: 无法加载模块:Application

[ 2018-11-02T16:20:11+08:00 ] 127.0.0.1 /zxx/wanxie/Application/Admin/Public/fonts/fontawesome-webfont.woff2?v=4.3.0
INFO: [ app_init ] --START--
INFO: Run Behavior\BuildLiteBehavior [ RunTime:0.000000s ]
INFO: [ app_init ] --END-- [ RunTime:0.001000s ]
ERR: 无法加载模块:Application

[ 2018-11-02T16:20:24+08:00 ] 127.0.0.1 /zxx/wanxie/Application/Admin/Public/fonts/fontawesome-webfont.woff2?v=4.3.0
INFO: [ app_init ] --START--
INFO: Run Behavior\BuildLiteBehavior [ RunTime:0.000000s ]
INFO: [ app_init ] --END-- [ RunTime:0.001000s ]
ERR: 无法加载模块:Application

[ 2018-11-02T16:20:24+08:00 ] 127.0.0.1 /zxx/wanxie/Application/Admin/Public/fonts/fontawesome-webfont.woff2?v=4.3.0
INFO: [ app_init ] --START--
INFO: Run Behavior\BuildLiteBehavior [ RunTime:0.000000s ]
INFO: [ app_init ] --END-- [ RunTime:0.000000s ]
ERR: 无法加载模块:Application

[ 2018-11-02T16:20:49+08:00 ] 127.0.0.1 /zxx/wanxie/Application/Admin/Public/fonts/fontawesome-webfont.woff2?v=4.3.0
INFO: [ app_init ] --START--
INFO: Run Behavior\BuildLiteBehavior [ RunTime:0.000000s ]
INFO: [ app_init ] --END-- [ RunTime:0.001000s ]
ERR: 无法加载模块:Application

[ 2018-11-02T16:20:49+08:00 ] 127.0.0.1 /zxx/wanxie/Application/Admin/Public/fonts/fontawesome-webfont.woff2?v=4.3.0
INFO: [ app_init ] --START--
INFO: Run Behavior\BuildLiteBehavior [ RunTime:0.000000s ]
INFO: [ app_init ] --END-- [ RunTime:0.000000s ]
ERR: 无法加载模块:Application

[ 2018-11-02T16:20:53+08:00 ] 127.0.0.1 /zxx/wanxie/Application/Admin/Public/fonts/fontawesome-webfont.woff2?v=4.3.0
INFO: [ app_init ] --START--
INFO: Run Behavior\BuildLiteBehavior [ RunTime:0.000000s ]
INFO: [ app_init ] --END-- [ RunTime:0.001000s ]
ERR: 无法加载模块:Application

[ 2018-11-02T16:20:57+08:00 ] 127.0.0.1 /zxx/wanxie/Application/Admin/Public/fonts/fontawesome-webfont.woff2?v=4.3.0
INFO: [ app_init ] --START--
INFO: Run Behavior\BuildLiteBehavior [ RunTime:0.000000s ]
INFO: [ app_init ] --END-- [ RunTime:0.001000s ]
ERR: 无法加载模块:Application

[ 2018-11-02T16:20:59+08:00 ] 127.0.0.1 /zxx/wanxie/Application/Admin/Public/fonts/fontawesome-webfont.woff2?v=4.3.0
INFO: [ app_init ] --START--
INFO: Run Behavior\BuildLiteBehavior [ RunTime:0.000000s ]
INFO: [ app_init ] --END-- [ RunTime:0.001000s ]
ERR: 无法加载模块:Application

[ 2018-11-02T16:21:00+08:00 ] 127.0.0.1 /zxx/wanxie/Application/Admin/Public/fonts/fontawesome-webfont.woff2?v=4.3.0
INFO: [ app_init ] --START--
INFO: Run Behavior\BuildLiteBehavior [ RunTime:0.000000s ]
INFO: [ app_init ] --END-- [ RunTime:0.001000s ]
ERR: 无法加载模块:Application

[ 2018-11-02T16:21:00+08:00 ] 127.0.0.1 /zxx/wanxie/Application/Admin/Public/fonts/fontawesome-webfont.woff2?v=4.3.0
INFO: [ app_init ] --START--
INFO: Run Behavior\BuildLiteBehavior [ RunTime:0.000000s ]
INFO: [ app_init ] --END-- [ RunTime:0.001000s ]
ERR: 无法加载模块:Application

[ 2018-11-02T16:21:00+08:00 ] 127.0.0.1 /zxx/wanxie/Application/Admin/Public/fonts/fontawesome-webfont.woff2?v=4.3.0
INFO: [ app_init ] --START--
INFO: Run Behavior\BuildLiteBehavior [ RunTime:0.000000s ]
INFO: [ app_init ] --END-- [ RunTime:0.001000s ]
ERR: 无法加载模块:Application

[ 2018-11-02T16:21:06+08:00 ] 127.0.0.1 /zxx/wanxie/Application/Admin/Public/fonts/fontawesome-webfont.woff2?v=4.3.0
INFO: [ app_init ] --START--
INFO: Run Behavior\BuildLiteBehavior [ RunTime:0.000000s ]
INFO: [ app_init ] --END-- [ RunTime:0.000000s ]
ERR: 无法加载模块:Application

[ 2018-11-02T16:21:08+08:00 ] 127.0.0.1 /zxx/wanxie/Application/Admin/Public/fonts/fontawesome-webfont.woff2?v=4.3.0
INFO: [ app_init ] --START--
INFO: Run Behavior\BuildLiteBehavior [ RunTime:0.000000s ]
INFO: [ app_init ] --END-- [ RunTime:0.001000s ]
ERR: 无法加载模块:Application

[ 2018-11-02T16:21:12+08:00 ] 127.0.0.1 /zxx/wanxie/Application/Admin/Public/fonts/fontawesome-webfont.woff2?v=4.3.0
INFO: [ app_init ] --START--
INFO: Run Behavior\BuildLiteBehavior [ RunTime:0.000000s ]
INFO: [ app_init ] --END-- [ RunTime:0.001000s ]
ERR: 无法加载模块:Application

[ 2018-11-02T16:21:21+08:00 ] 127.0.0.1 /zxx/wanxie/Application/Admin/Public/fonts/fontawesome-webfont.woff2?v=4.3.0
INFO: [ app_init ] --START--
INFO: Run Behavior\BuildLiteBehavior [ RunTime:0.000000s ]
INFO: [ app_init ] --END-- [ RunTime:0.000000s ]
ERR: 无法加载模块:Application

[ 2018-11-02T16:21:23+08:00 ] 127.0.0.1 /zxx/wanxie/Application/Admin/Public/fonts/fontawesome-webfont.woff2?v=4.3.0
INFO: [ app_init ] --START--
INFO: Run Behavior\BuildLiteBehavior [ RunTime:0.000000s ]
INFO: [ app_init ] --END-- [ RunTime:0.000000s ]
ERR: 无法加载模块:Application

[ 2018-11-02T16:22:51+08:00 ] 127.0.0.1 /zxx/wanxie/Application/Admin/Public/fonts/fontawesome-webfont.woff2?v=4.3.0
INFO: [ app_init ] --START--
INFO: Run Behavior\BuildLiteBehavior [ RunTime:0.000000s ]
INFO: [ app_init ] --END-- [ RunTime:0.001000s ]
ERR: 无法加载模块:Application

[ 2018-11-02T16:23:52+08:00 ] 127.0.0.1 /zxx/wanxie/Application/Admin/Public/fonts/fontawesome-webfont.woff2?v=4.3.0
INFO: [ app_init ] --START--
INFO: Run Behavior\BuildLiteBehavior [ RunTime:0.000000s ]
INFO: [ app_init ] --END-- [ RunTime:0.001000s ]
ERR: 无法加载模块:Application

[ 2018-11-02T16:24:57+08:00 ] 127.0.0.1 /zxx/wanxie/Application/Admin/Public/fonts/fontawesome-webfont.woff2?v=4.3.0
INFO: [ app_init ] --START--
INFO: Run Behavior\BuildLiteBehavior [ RunTime:0.000000s ]
INFO: [ app_init ] --END-- [ RunTime:0.001000s ]
ERR: 无法加载模块:Application

[ 2018-11-02T16:24:58+08:00 ] 127.0.0.1 /zxx/wanxie/Application/Admin/Public/fonts/fontawesome-webfont.woff2?v=4.3.0
INFO: [ app_init ] --START--
INFO: Run Behavior\BuildLiteBehavior [ RunTime:0.000000s ]
INFO: [ app_init ] --END-- [ RunTime:0.001000s ]
ERR: 无法加载模块:Application

[ 2018-11-02T16:25:53+08:00 ] 127.0.0.1 /zxx/wanxie/Application/Admin/Public/fonts/fontawesome-webfont.woff2?v=4.3.0
INFO: [ app_init ] --START--
INFO: Run Behavior\BuildLiteBehavior [ RunTime:0.000000s ]
INFO: [ app_init ] --END-- [ RunTime:0.001000s ]
ERR: 无法加载模块:Application

[ 2018-11-02T16:25:54+08:00 ] 127.0.0.1 /zxx/wanxie/Application/Admin/Public/fonts/fontawesome-webfont.woff2?v=4.3.0
INFO: [ app_init ] --START--
INFO: Run Behavior\BuildLiteBehavior [ RunTime:0.000000s ]
INFO: [ app_init ] --END-- [ RunTime:0.001000s ]
ERR: 无法加载模块:Application

[ 2018-11-02T16:26:01+08:00 ] 127.0.0.1 /zxx/wanxie/Application/Admin/Public/fonts/fontawesome-webfont.woff2?v=4.3.0
INFO: [ app_init ] --START--
INFO: Run Behavior\BuildLiteBehavior [ RunTime:0.000000s ]
INFO: [ app_init ] --END-- [ RunTime:0.000000s ]
ERR: 无法加载模块:Application

[ 2018-11-02T16:26:01+08:00 ] 127.0.0.1 /zxx/wanxie/Application/Admin/Public/fonts/fontawesome-webfont.woff2?v=4.3.0
INFO: [ app_init ] --START--
INFO: Run Behavior\BuildLiteBehavior [ RunTime:0.000000s ]
INFO: [ app_init ] --END-- [ RunTime:0.001000s ]
ERR: 无法加载模块:Application

[ 2018-11-02T16:26:01+08:00 ] 127.0.0.1 /zxx/wanxie/Application/Admin/Public/fonts/fontawesome-webfont.woff2?v=4.3.0
INFO: [ app_init ] --START--
INFO: Run Behavior\BuildLiteBehavior [ RunTime:0.000000s ]
INFO: [ app_init ] --END-- [ RunTime:0.001000s ]
ERR: 无法加载模块:Application

[ 2018-11-02T16:26:02+08:00 ] 127.0.0.1 /zxx/wanxie/Application/Admin/Public/fonts/fontawesome-webfont.woff2?v=4.3.0
INFO: [ app_init ] --START--
INFO: Run Behavior\BuildLiteBehavior [ RunTime:0.000000s ]
INFO: [ app_init ] --END-- [ RunTime:0.000000s ]
ERR: 无法加载模块:Application

[ 2018-11-02T16:26:04+08:00 ] 127.0.0.1 /zxx/wanxie/Application/Admin/Public/fonts/fontawesome-webfont.woff2?v=4.3.0
INFO: [ app_init ] --START--
INFO: Run Behavior\BuildLiteBehavior [ RunTime:0.000000s ]
INFO: [ app_init ] --END-- [ RunTime:0.000000s ]
ERR: 无法加载模块:Application

[ 2018-11-02T16:26:14+08:00 ] 127.0.0.1 /zxx/wanxie/Application/Admin/Public/fonts/fontawesome-webfont.woff2?v=4.3.0
INFO: [ app_init ] --START--
INFO: Run Behavior\BuildLiteBehavior [ RunTime:0.000000s ]
INFO: [ app_init ] --END-- [ RunTime:0.000000s ]
ERR: 无法加载模块:Application

[ 2018-11-02T16:26:15+08:00 ] 127.0.0.1 /zxx/wanxie/Application/Admin/Public/fonts/fontawesome-webfont.woff2?v=4.3.0
INFO: [ app_init ] --START--
INFO: Run Behavior\BuildLiteBehavior [ RunTime:0.000000s ]
INFO: [ app_init ] --END-- [ RunTime:0.000000s ]
ERR: 无法加载模块:Application

[ 2018-11-02T16:26:18+08:00 ] 127.0.0.1 /zxx/wanxie/Application/Admin/Public/fonts/fontawesome-webfont.woff2?v=4.3.0
INFO: [ app_init ] --START--
INFO: Run Behavior\BuildLiteBehavior [ RunTime:0.000000s ]
INFO: [ app_init ] --END-- [ RunTime:0.000000s ]
ERR: 无法加载模块:Application

[ 2018-11-02T16:26:19+08:00 ] 127.0.0.1 /zxx/wanxie/Application/Admin/Public/fonts/fontawesome-webfont.woff2?v=4.3.0
INFO: [ app_init ] --START--
INFO: Run Behavior\BuildLiteBehavior [ RunTime:0.000000s ]
INFO: [ app_init ] --END-- [ RunTime:0.001000s ]
ERR: 无法加载模块:Application

[ 2018-11-02T16:27:43+08:00 ] 127.0.0.1 /zxx/wanxie/Application/Admin/Public/fonts/fontawesome-webfont.woff2?v=4.3.0
INFO: [ app_init ] --START--
INFO: Run Behavior\BuildLiteBehavior [ RunTime:0.000000s ]
INFO: [ app_init ] --END-- [ RunTime:0.002000s ]
ERR: 无法加载模块:Application

[ 2018-11-02T16:27:44+08:00 ] 127.0.0.1 /zxx/wanxie/Application/Admin/Public/fonts/fontawesome-webfont.woff2?v=4.3.0
INFO: [ app_init ] --START--
INFO: Run Behavior\BuildLiteBehavior [ RunTime:0.000000s ]
INFO: [ app_init ] --END-- [ RunTime:0.000000s ]
ERR: 无法加载模块:Application

[ 2018-11-02T16:28:11+08:00 ] 127.0.0.1 /zxx/wanxie/Application/Admin/Public/fonts/fontawesome-webfont.woff2?v=4.3.0
INFO: [ app_init ] --START--
INFO: Run Behavior\BuildLiteBehavior [ RunTime:0.000000s ]
INFO: [ app_init ] --END-- [ RunTime:0.009000s ]
ERR: 无法加载模块:Application

[ 2018-11-02T16:28:12+08:00 ] 127.0.0.1 /zxx/wanxie/Application/Admin/Public/fonts/fontawesome-webfont.woff2?v=4.3.0
INFO: [ app_init ] --START--
INFO: Run Behavior\BuildLiteBehavior [ RunTime:0.000000s ]
INFO: [ app_init ] --END-- [ RunTime:0.000000s ]
ERR: 无法加载模块:Application

[ 2018-11-02T16:28:12+08:00 ] 127.0.0.1 /zxx/wanxie/Application/Admin/Public/fonts/fontawesome-webfont.woff2?v=4.3.0
INFO: [ app_init ] --START--
INFO: Run Behavior\BuildLiteBehavior [ RunTime:0.000000s ]
INFO: [ app_init ] --END-- [ RunTime:0.002000s ]
ERR: 无法加载模块:Application

[ 2018-11-02T16:28:35+08:00 ] 127.0.0.1 /zxx/wanxie/Application/Admin/Public/fonts/fontawesome-webfont.woff2?v=4.3.0
INFO: [ app_init ] --START--
INFO: Run Behavior\BuildLiteBehavior [ RunTime:0.000000s ]
INFO: [ app_init ] --END-- [ RunTime:0.000000s ]
ERR: 无法加载模块:Application

[ 2018-11-02T16:28:36+08:00 ] 127.0.0.1 /zxx/wanxie/Application/Admin/Public/fonts/fontawesome-webfont.woff2?v=4.3.0
INFO: [ app_init ] --START--
INFO: Run Behavior\BuildLiteBehavior [ RunTime:0.000000s ]
INFO: [ app_init ] --END-- [ RunTime:0.001000s ]
ERR: 无法加载模块:Application

[ 2018-11-02T16:28:36+08:00 ] 127.0.0.1 /zxx/wanxie/Application/Admin/Public/fonts/fontawesome-webfont.woff2?v=4.3.0
INFO: [ app_init ] --START--
INFO: Run Behavior\BuildLiteBehavior [ RunTime:0.000000s ]
INFO: [ app_init ] --END-- [ RunTime:0.000000s ]
ERR: 无法加载模块:Application

[ 2018-11-02T16:28:39+08:00 ] 127.0.0.1 /zxx/wanxie/Application/Admin/Public/fonts/fontawesome-webfont.woff2?v=4.3.0
INFO: [ app_init ] --START--
INFO: Run Behavior\BuildLiteBehavior [ RunTime:0.000000s ]
INFO: [ app_init ] --END-- [ RunTime:0.001000s ]
ERR: 无法加载模块:Application

[ 2018-11-02T16:28:56+08:00 ] 127.0.0.1 /zxx/wanxie/Application/Admin/Public/fonts/fontawesome-webfont.woff2?v=4.3.0
INFO: [ app_init ] --START--
INFO: Run Behavior\BuildLiteBehavior [ RunTime:0.000000s ]
INFO: [ app_init ] --END-- [ RunTime:0.001000s ]
ERR: 无法加载模块:Application

[ 2018-11-02T16:28:56+08:00 ] 127.0.0.1 /zxx/wanxie/Application/Admin/Public/fonts/fontawesome-webfont.woff2?v=4.3.0
INFO: [ app_init ] --START--
INFO: Run Behavior\BuildLiteBehavior [ RunTime:0.000000s ]
INFO: [ app_init ] --END-- [ RunTime:0.001000s ]
ERR: 无法加载模块:Application

[ 2018-11-02T16:29:15+08:00 ] 127.0.0.1 /zxx/wanxie/Application/Admin/Public/fonts/fontawesome-webfont.woff2?v=4.3.0
INFO: [ app_init ] --START--
INFO: Run Behavior\BuildLiteBehavior [ RunTime:0.000000s ]
INFO: [ app_init ] --END-- [ RunTime:0.000000s ]
ERR: 无法加载模块:Application

[ 2018-11-02T16:29:15+08:00 ] 127.0.0.1 /zxx/wanxie/Application/Admin/Public/fonts/fontawesome-webfont.woff2?v=4.3.0
INFO: [ app_init ] --START--
INFO: Run Behavior\BuildLiteBehavior [ RunTime:0.000000s ]
INFO: [ app_init ] --END-- [ RunTime:0.000000s ]
ERR: 无法加载模块:Application

[ 2018-11-02T16:29:47+08:00 ] 127.0.0.1 /zxx/wanxie/Application/Admin/Public/fonts/fontawesome-webfont.woff2?v=4.3.0
INFO: [ app_init ] --START--
INFO: Run Behavior\BuildLiteBehavior [ RunTime:0.000000s ]
INFO: [ app_init ] --END-- [ RunTime:0.000000s ]
ERR: 无法加载模块:Application

[ 2018-11-02T16:29:47+08:00 ] 127.0.0.1 /zxx/wanxie/Application/Admin/Public/fonts/fontawesome-webfont.woff2?v=4.3.0
INFO: [ app_init ] --START--
INFO: Run Behavior\BuildLiteBehavior [ RunTime:0.001000s ]
INFO: [ app_init ] --END-- [ RunTime:0.001000s ]
ERR: 无法加载模块:Application

[ 2018-11-02T16:29:47+08:00 ] 127.0.0.1 /zxx/wanxie/Application/Admin/Public/fonts/fontawesome-webfont.woff2?v=4.3.0
INFO: [ app_init ] --START--
INFO: Run Behavior\BuildLiteBehavior [ RunTime:0.000000s ]
INFO: [ app_init ] --END-- [ RunTime:0.000000s ]
ERR: 无法加载模块:Application

[ 2018-11-02T16:30:24+08:00 ] 127.0.0.1 /zxx/wanxie/Application/Admin/Public/fonts/fontawesome-webfont.woff2?v=4.3.0
INFO: [ app_init ] --START--
INFO: Run Behavior\BuildLiteBehavior [ RunTime:0.000000s ]
INFO: [ app_init ] --END-- [ RunTime:0.000000s ]
ERR: 无法加载模块:Application

[ 2018-11-02T16:30:24+08:00 ] 127.0.0.1 /zxx/wanxie/Application/Admin/Public/fonts/fontawesome-webfont.woff2?v=4.3.0
INFO: [ app_init ] --START--
INFO: Run Behavior\BuildLiteBehavior [ RunTime:0.000000s ]
INFO: [ app_init ] --END-- [ RunTime:0.000000s ]
ERR: 无法加载模块:Application

[ 2018-11-02T16:32:07+08:00 ] 127.0.0.1 /zxx/wanxie/Application/Admin/Public/fonts/fontawesome-webfont.woff2?v=4.3.0
INFO: [ app_init ] --START--
INFO: Run Behavior\BuildLiteBehavior [ RunTime:0.000000s ]
INFO: [ app_init ] --END-- [ RunTime:0.001000s ]
ERR: 无法加载模块:Application

[ 2018-11-02T16:32:08+08:00 ] 127.0.0.1 /zxx/wanxie/Application/Admin/Public/fonts/fontawesome-webfont.woff2?v=4.3.0
INFO: [ app_init ] --START--
INFO: Run Behavior\BuildLiteBehavior [ RunTime:0.000000s ]
INFO: [ app_init ] --END-- [ RunTime:0.001000s ]
ERR: 无法加载模块:Application

[ 2018-11-02T16:32:29+08:00 ] 127.0.0.1 /zxx/wanxie/Application/Admin/Public/fonts/fontawesome-webfont.woff2?v=4.3.0
INFO: [ app_init ] --START--
INFO: Run Behavior\BuildLiteBehavior [ RunTime:0.000000s ]
INFO: [ app_init ] --END-- [ RunTime:0.001000s ]
ERR: 无法加载模块:Application

[ 2018-11-02T16:32:30+08:00 ] 127.0.0.1 /zxx/wanxie/Application/Admin/Public/fonts/fontawesome-webfont.woff2?v=4.3.0
INFO: [ app_init ] --START--
INFO: Run Behavior\BuildLiteBehavior [ RunTime:0.000000s ]
INFO: [ app_init ] --END-- [ RunTime:0.001000s ]
ERR: 无法加载模块:Application

[ 2018-11-02T16:32:30+08:00 ] 127.0.0.1 /zxx/wanxie/Application/Admin/Public/fonts/fontawesome-webfont.woff2?v=4.3.0
INFO: [ app_init ] --START--
INFO: Run Behavior\BuildLiteBehavior [ RunTime:0.000000s ]
INFO: [ app_init ] --END-- [ RunTime:0.000000s ]
ERR: 无法加载模块:Application

[ 2018-11-02T16:33:00+08:00 ] 127.0.0.1 /zxx/wanxie/Application/Admin/Public/fonts/fontawesome-webfont.woff2?v=4.3.0
INFO: [ app_init ] --START--
INFO: Run Behavior\BuildLiteBehavior [ RunTime:0.000000s ]
INFO: [ app_init ] --END-- [ RunTime:0.000000s ]
ERR: 无法加载模块:Application

[ 2018-11-02T16:33:08+08:00 ] 127.0.0.1 /zxx/wanxie/Application/Admin/Public/fonts/fontawesome-webfont.woff2?v=4.3.0
INFO: [ app_init ] --START--
INFO: Run Behavior\BuildLiteBehavior [ RunTime:0.000000s ]
INFO: [ app_init ] --END-- [ RunTime:0.000000s ]
ERR: 无法加载模块:Application

[ 2018-11-02T16:33:55+08:00 ] 127.0.0.1 /zxx/wanxie/Application/Admin/Public/fonts/fontawesome-webfont.woff2?v=4.3.0
INFO: [ app_init ] --START--
INFO: Run Behavior\BuildLiteBehavior [ RunTime:0.000000s ]
INFO: [ app_init ] --END-- [ RunTime:0.000000s ]
ERR: 无法加载模块:Application

[ 2018-11-02T16:34:55+08:00 ] 127.0.0.1 /zxx/wanxie/Application/Admin/Public/fonts/fontawesome-webfont.woff2?v=4.3.0
INFO: [ app_init ] --START--
INFO: Run Behavior\BuildLiteBehavior [ RunTime:0.000000s ]
INFO: [ app_init ] --END-- [ RunTime:0.001000s ]
ERR: 无法加载模块:Application

[ 2018-11-02T16:34:55+08:00 ] 127.0.0.1 /zxx/wanxie/Application/Admin/Public/fonts/fontawesome-webfont.woff2?v=4.3.0
INFO: [ app_init ] --START--
INFO: Run Behavior\BuildLiteBehavior [ RunTime:0.000000s ]
INFO: [ app_init ] --END-- [ RunTime:0.001000s ]
ERR: 无法加载模块:Application

[ 2018-11-02T16:34:55+08:00 ] 127.0.0.1 /zxx/wanxie/Application/Admin/Public/fonts/fontawesome-webfont.woff2?v=4.3.0
INFO: [ app_init ] --START--
INFO: Run Behavior\BuildLiteBehavior [ RunTime:0.000000s ]
INFO: [ app_init ] --END-- [ RunTime:0.001000s ]
ERR: 无法加载模块:Application

[ 2018-11-02T16:35:33+08:00 ] 127.0.0.1 /zxx/wanxie/Application/Admin/Public/fonts/fontawesome-webfont.woff2?v=4.3.0
INFO: [ app_init ] --START--
INFO: Run Behavior\BuildLiteBehavior [ RunTime:0.000000s ]
INFO: [ app_init ] --END-- [ RunTime:0.001000s ]
ERR: 无法加载模块:Application

[ 2018-11-02T16:35:34+08:00 ] 127.0.0.1 /zxx/wanxie/Application/Admin/Public/fonts/fontawesome-webfont.woff2?v=4.3.0
INFO: [ app_init ] --START--
INFO: Run Behavior\BuildLiteBehavior [ RunTime:0.000000s ]
INFO: [ app_init ] --END-- [ RunTime:0.001000s ]
ERR: 无法加载模块:Application

[ 2018-11-02T16:35:34+08:00 ] 127.0.0.1 /zxx/wanxie/Application/Admin/Public/fonts/fontawesome-webfont.woff2?v=4.3.0
INFO: [ app_init ] --START--
INFO: Run Behavior\BuildLiteBehavior [ RunTime:0.001000s ]
INFO: [ app_init ] --END-- [ RunTime:0.001000s ]
ERR: 无法加载模块:Application

[ 2018-11-02T16:35:34+08:00 ] 127.0.0.1 /zxx/wanxie/Application/Admin/Public/fonts/fontawesome-webfont.woff2?v=4.3.0
INFO: [ app_init ] --START--
INFO: Run Behavior\BuildLiteBehavior [ RunTime:0.000000s ]
INFO: [ app_init ] --END-- [ RunTime:0.001001s ]
ERR: 无法加载模块:Application

[ 2018-11-02T16:35:36+08:00 ] 127.0.0.1 /zxx/wanxie/Application/Admin/Public/fonts/fontawesome-webfont.woff2?v=4.3.0
INFO: [ app_init ] --START--
INFO: Run Behavior\BuildLiteBehavior [ RunTime:0.000000s ]
INFO: [ app_init ] --END-- [ RunTime:0.000000s ]
ERR: 无法加载模块:Application

[ 2018-11-02T16:35:38+08:00 ] 127.0.0.1 /zxx/wanxie/Application/Admin/Public/fonts/fontawesome-webfont.woff2?v=4.3.0
INFO: [ app_init ] --START--
INFO: Run Behavior\BuildLiteBehavior [ RunTime:0.000000s ]
INFO: [ app_init ] --END-- [ RunTime:0.001000s ]
ERR: 无法加载模块:Application

[ 2018-11-02T16:35:41+08:00 ] 127.0.0.1 /zxx/wanxie/Application/Admin/Public/fonts/fontawesome-webfont.woff2?v=4.3.0
INFO: [ app_init ] --START--
INFO: Run Behavior\BuildLiteBehavior [ RunTime:0.000000s ]
INFO: [ app_init ] --END-- [ RunTime:0.001000s ]
ERR: 无法加载模块:Application

[ 2018-11-02T16:36:02+08:00 ] 127.0.0.1 /zxx/wanxie/Application/Admin/Public/fonts/fontawesome-webfont.woff2?v=4.3.0
INFO: [ app_init ] --START--
INFO: Run Behavior\BuildLiteBehavior [ RunTime:0.000000s ]
INFO: [ app_init ] --END-- [ RunTime:0.000000s ]
ERR: 无法加载模块:Application

[ 2018-11-02T16:36:02+08:00 ] 127.0.0.1 /zxx/wanxie/Application/Admin/Public/fonts/fontawesome-webfont.woff2?v=4.3.0
INFO: [ app_init ] --START--
INFO: Run Behavior\BuildLiteBehavior [ RunTime:0.000000s ]
INFO: [ app_init ] --END-- [ RunTime:0.001001s ]
ERR: 无法加载模块:Application

[ 2018-11-02T16:46:19+08:00 ] 127.0.0.1 /zxx/wanxie/Application/Admin/Public/fonts/fontawesome-webfont.woff2?v=4.3.0
INFO: [ app_init ] --START--
INFO: Run Behavior\BuildLiteBehavior [ RunTime:0.000000s ]
INFO: [ app_init ] --END-- [ RunTime:0.000000s ]
ERR: 无法加载模块:Application

[ 2018-11-02T16:46:25+08:00 ] 127.0.0.1 /zxx/wanxie/Application/Admin/Public/fonts/fontawesome-webfont.woff2?v=4.3.0
INFO: [ app_init ] --START--
INFO: Run Behavior\BuildLiteBehavior [ RunTime:0.000000s ]
INFO: [ app_init ] --END-- [ RunTime:0.000000s ]
ERR: 无法加载模块:Application

[ 2018-11-02T17:09:37+08:00 ] 127.0.0.1 /zxx/wanxie/Application/Admin/Public/fonts/fontawesome-webfont.woff2?v=4.3.0
INFO: [ app_init ] --START--
INFO: Run Behavior\BuildLiteBehavior [ RunTime:0.000000s ]
INFO: [ app_init ] --END-- [ RunTime:0.001000s ]
ERR: 无法加载模块:Application

[ 2018-11-02T17:09:56+08:00 ] 127.0.0.1 /zxx/wanxie/Application/Admin/Public/fonts/fontawesome-webfont.woff2?v=4.3.0
INFO: [ app_init ] --START--
INFO: Run Behavior\BuildLiteBehavior [ RunTime:0.000000s ]
INFO: [ app_init ] --END-- [ RunTime:0.001000s ]
ERR: 无法加载模块:Application

[ 2018-11-02T17:12:15+08:00 ] 127.0.0.1 /zxx/wanxie/Application/Admin/Public/fonts/fontawesome-webfont.woff2?v=4.3.0
INFO: [ app_init ] --START--
INFO: Run Behavior\BuildLiteBehavior [ RunTime:0.000000s ]
INFO: [ app_init ] --END-- [ RunTime:0.000000s ]
ERR: 无法加载模块:Application

[ 2018-11-02T17:12:33+08:00 ] 127.0.0.1 /zxx/wanxie/Application/Admin/Public/fonts/fontawesome-webfont.woff2?v=4.3.0
INFO: [ app_init ] --START--
INFO: Run Behavior\BuildLiteBehavior [ RunTime:0.000000s ]
INFO: [ app_init ] --END-- [ RunTime:0.000000s ]
ERR: 无法加载模块:Application

[ 2018-11-02T17:14:48+08:00 ] 127.0.0.1 /zxx/wanxie/Application/Admin/Public/fonts/fontawesome-webfont.woff2?v=4.3.0
INFO: [ app_init ] --START--
INFO: Run Behavior\BuildLiteBehavior [ RunTime:0.000000s ]
INFO: [ app_init ] --END-- [ RunTime:0.001000s ]
ERR: 无法加载模块:Application

[ 2018-11-02T17:14:49+08:00 ] 127.0.0.1 /zxx/wanxie/Application/Admin/Public/fonts/fontawesome-webfont.woff2?v=4.3.0
INFO: [ app_init ] --START--
INFO: Run Behavior\BuildLiteBehavior [ RunTime:0.000000s ]
INFO: [ app_init ] --END-- [ RunTime:0.001000s ]
ERR: 无法加载模块:Application

[ 2018-11-02T17:15:03+08:00 ] 127.0.0.1 /zxx/wanxie/Application/Admin/Public/fonts/fontawesome-webfont.woff2?v=4.3.0
INFO: [ app_init ] --START--
INFO: Run Behavior\BuildLiteBehavior [ RunTime:0.000000s ]
INFO: [ app_init ] --END-- [ RunTime:0.002000s ]
ERR: 无法加载模块:Application

[ 2018-11-02T17:15:44+08:00 ] 127.0.0.1 /zxx/wanxie/Application/Admin/Public/fonts/fontawesome-webfont.woff2?v=4.3.0
INFO: [ app_init ] --START--
INFO: Run Behavior\BuildLiteBehavior [ RunTime:0.000000s ]
INFO: [ app_init ] --END-- [ RunTime:0.001000s ]
ERR: 无法加载模块:Application

[ 2018-11-02T17:15:45+08:00 ] 127.0.0.1 /zxx/wanxie/Application/Admin/Public/fonts/fontawesome-webfont.woff2?v=4.3.0
INFO: [ app_init ] --START--
INFO: Run Behavior\BuildLiteBehavior [ RunTime:0.000000s ]
INFO: [ app_init ] --END-- [ RunTime:0.001001s ]
ERR: 无法加载模块:Application

